::1 - - [24/Jul/2021:22:38:37 -0500] "GET / HTTP/1.1" 302 - "-" "Mozilla/5.0 (Windows NT 10.0; Win64; x64) AppleWebKit/537.36 (KHTML, like Gecko) Chrome/92.0.4515.107 Safari/537.36"
::1 - - [24/Jul/2021:22:38:37 -0500] "GET /dashboard/ HTTP/1.1" 200 7577 "-" "Mozilla/5.0 (Windows NT 10.0; Win64; x64) AppleWebKit/537.36 (KHTML, like Gecko) Chrome/92.0.4515.107 Safari/537.36"
::1 - - [24/Jul/2021:22:38:37 -0500] "GET /dashboard/stylesheets/normalize.css HTTP/1.1" 200 6876 "http://localhost/dashboard/" "Mozilla/5.0 (Windows NT 10.0; Win64; x64) AppleWebKit/537.36 (KHTML, like Gecko) Chrome/92.0.4515.107 Safari/537.36"
::1 - - [24/Jul/2021:22:38:37 -0500] "GET /dashboard/stylesheets/all.css HTTP/1.1" 200 481698 "http://localhost/dashboard/" "Mozilla/5.0 (Windows NT 10.0; Win64; x64) AppleWebKit/537.36 (KHTML, like Gecko) Chrome/92.0.4515.107 Safari/537.36"
::1 - - [24/Jul/2021:22:38:37 -0500] "GET /dashboard/javascripts/modernizr.js HTTP/1.1" 200 51365 "http://localhost/dashboard/" "Mozilla/5.0 (Windows NT 10.0; Win64; x64) AppleWebKit/537.36 (KHTML, like Gecko) Chrome/92.0.4515.107 Safari/537.36"
::1 - - [24/Jul/2021:22:38:37 -0500] "GET /dashboard/javascripts/all.js HTTP/1.1" 200 188385 "http://localhost/dashboard/" "Mozilla/5.0 (Windows NT 10.0; Win64; x64) AppleWebKit/537.36 (KHTML, like Gecko) Chrome/92.0.4515.107 Safari/537.36"
::1 - - [24/Jul/2021:22:38:37 -0500] "GET /dashboard/images/xampp-logo.svg HTTP/1.1" 200 5427 "http://localhost/dashboard/" "Mozilla/5.0 (Windows NT 10.0; Win64; x64) AppleWebKit/537.36 (KHTML, like Gecko) Chrome/92.0.4515.107 Safari/537.36"
::1 - - [24/Jul/2021:22:38:37 -0500] "GET /dashboard/images/fastly-logo.png HTTP/1.1" 200 1770 "http://localhost/dashboard/" "Mozilla/5.0 (Windows NT 10.0; Win64; x64) AppleWebKit/537.36 (KHTML, like Gecko) Chrome/92.0.4515.107 Safari/537.36"
::1 - - [24/Jul/2021:22:38:37 -0500] "GET /dashboard/images/bitnami-xampp.png HTTP/1.1" 200 22133 "http://localhost/dashboard/" "Mozilla/5.0 (Windows NT 10.0; Win64; x64) AppleWebKit/537.36 (KHTML, like Gecko) Chrome/92.0.4515.107 Safari/537.36"
::1 - - [24/Jul/2021:22:38:37 -0500] "GET /dashboard/images/social-icons.png HTTP/1.1" 200 3361 "http://localhost/dashboard/stylesheets/all.css" "Mozilla/5.0 (Windows NT 10.0; Win64; x64) AppleWebKit/537.36 (KHTML, like Gecko) Chrome/92.0.4515.107 Safari/537.36"
::1 - - [24/Jul/2021:22:38:37 -0500] "GET /dashboard/images/favicon.png HTTP/1.1" 200 2508 "http://localhost/dashboard/" "Mozilla/5.0 (Windows NT 10.0; Win64; x64) AppleWebKit/537.36 (KHTML, like Gecko) Chrome/92.0.4515.107 Safari/537.36"
::1 - - [24/Jul/2021:22:38:48 -0500] "GET /phpmyadmin/ HTTP/1.1" 200 15926 "-" "Mozilla/5.0 (Windows NT 10.0; Win64; x64) AppleWebKit/537.36 (KHTML, like Gecko) Chrome/92.0.4515.107 Safari/537.36"
::1 - - [24/Jul/2021:22:38:48 -0500] "GET /phpmyadmin/themes/pmahomme/jquery/jquery-ui.css HTTP/1.1" 200 36566 "-" "Mozilla/5.0 (Windows NT 10.0; Win64; x64) AppleWebKit/537.36 (KHTML, like Gecko) Chrome/92.0.4515.107 Safari/537.36"
::1 - - [24/Jul/2021:22:38:48 -0500] "GET /phpmyadmin/js/vendor/codemirror/lib/codemirror.css?v=5.1.1 HTTP/1.1" 200 8722 "-" "Mozilla/5.0 (Windows NT 10.0; Win64; x64) AppleWebKit/537.36 (KHTML, like Gecko) Chrome/92.0.4515.107 Safari/537.36"
::1 - - [24/Jul/2021:22:38:48 -0500] "GET /phpmyadmin/js/vendor/codemirror/addon/hint/show-hint.css?v=5.1.1 HTTP/1.1" 200 623 "-" "Mozilla/5.0 (Windows NT 10.0; Win64; x64) AppleWebKit/537.36 (KHTML, like Gecko) Chrome/92.0.4515.107 Safari/537.36"
::1 - - [24/Jul/2021:22:38:48 -0500] "GET /phpmyadmin/js/vendor/codemirror/addon/lint/lint.css?v=5.1.1 HTTP/1.1" 200 2878 "-" "Mozilla/5.0 (Windows NT 10.0; Win64; x64) AppleWebKit/537.36 (KHTML, like Gecko) Chrome/92.0.4515.107 Safari/537.36"
::1 - - [24/Jul/2021:22:38:48 -0500] "GET /phpmyadmin/themes/pmahomme/css/theme.css?v=5.1.1&nocache=2594244035ltr&server=1 HTTP/1.1" 200 214799 "-" "Mozilla/5.0 (Windows NT 10.0; Win64; x64) AppleWebKit/537.36 (KHTML, like Gecko) Chrome/92.0.4515.107 Safari/537.36"
::1 - - [24/Jul/2021:22:38:48 -0500] "GET /phpmyadmin/js/vendor/sprintf.js?v=5.1.1 HTTP/1.1" 200 7409 "-" "Mozilla/5.0 (Windows NT 10.0; Win64; x64) AppleWebKit/537.36 (KHTML, like Gecko) Chrome/92.0.4515.107 Safari/537.36"
::1 - - [24/Jul/2021:22:38:48 -0500] "GET /phpmyadmin/js/vendor/jquery/jquery-migrate.js?v=5.1.1 HTTP/1.1" 200 25300 "-" "Mozilla/5.0 (Windows NT 10.0; Win64; x64) AppleWebKit/537.36 (KHTML, like Gecko) Chrome/92.0.4515.107 Safari/537.36"
::1 - - [24/Jul/2021:22:38:48 -0500] "GET /phpmyadmin/js/vendor/jquery/jquery.min.js?v=5.1.1 HTTP/1.1" 200 89476 "-" "Mozilla/5.0 (Windows NT 10.0; Win64; x64) AppleWebKit/537.36 (KHTML, like Gecko) Chrome/92.0.4515.107 Safari/537.36"
::1 - - [24/Jul/2021:22:38:48 -0500] "GET /phpmyadmin/js/dist/ajax.js?v=5.1.1 HTTP/1.1" 200 31313 "-" "Mozilla/5.0 (Windows NT 10.0; Win64; x64) AppleWebKit/537.36 (KHTML, like Gecko) Chrome/92.0.4515.107 Safari/537.36"
::1 - - [24/Jul/2021:22:38:48 -0500] "GET /phpmyadmin/js/dist/keyhandler.js?v=5.1.1 HTTP/1.1" 200 3003 "-" "Mozilla/5.0 (Windows NT 10.0; Win64; x64) AppleWebKit/537.36 (KHTML, like Gecko) Chrome/92.0.4515.107 Safari/537.36"
::1 - - [24/Jul/2021:22:38:48 -0500] "GET /phpmyadmin/js/vendor/bootstrap/bootstrap.bundle.min.js?v=5.1.1 HTTP/1.1" 200 84152 "-" "Mozilla/5.0 (Windows NT 10.0; Win64; x64) AppleWebKit/537.36 (KHTML, like Gecko) Chrome/92.0.4515.107 Safari/537.36"
::1 - - [24/Jul/2021:22:38:48 -0500] "GET /phpmyadmin/js/vendor/jquery/jquery-ui.min.js?v=5.1.1 HTTP/1.1" 200 253669 "-" "Mozilla/5.0 (Windows NT 10.0; Win64; x64) AppleWebKit/537.36 (KHTML, like Gecko) Chrome/92.0.4515.107 Safari/537.36"
::1 - - [24/Jul/2021:22:38:48 -0500] "GET /phpmyadmin/js/vendor/js.cookie.js?v=5.1.1 HTTP/1.1" 200 3883 "-" "Mozilla/5.0 (Windows NT 10.0; Win64; x64) AppleWebKit/537.36 (KHTML, like Gecko) Chrome/92.0.4515.107 Safari/537.36"
::1 - - [24/Jul/2021:22:38:48 -0500] "GET /phpmyadmin/js/vendor/jquery/jquery.mousewheel.js?v=5.1.1 HTTP/1.1" 200 8267 "-" "Mozilla/5.0 (Windows NT 10.0; Win64; x64) AppleWebKit/537.36 (KHTML, like Gecko) Chrome/92.0.4515.107 Safari/537.36"
::1 - - [24/Jul/2021:22:38:48 -0500] "GET /phpmyadmin/js/vendor/jquery/jquery.validate.js?v=5.1.1 HTTP/1.1" 200 50963 "-" "Mozilla/5.0 (Windows NT 10.0; Win64; x64) AppleWebKit/537.36 (KHTML, like Gecko) Chrome/92.0.4515.107 Safari/537.36"
::1 - - [24/Jul/2021:22:38:48 -0500] "GET /phpmyadmin/js/vendor/jquery/jquery-ui-timepicker-addon.js?v=5.1.1 HTTP/1.1" 200 78475 "-" "Mozilla/5.0 (Windows NT 10.0; Win64; x64) AppleWebKit/537.36 (KHTML, like Gecko) Chrome/92.0.4515.107 Safari/537.36"
::1 - - [24/Jul/2021:22:38:48 -0500] "GET /phpmyadmin/js/dist/cross_framing_protection.js?v=5.1.1 HTTP/1.1" 200 419 "-" "Mozilla/5.0 (Windows NT 10.0; Win64; x64) AppleWebKit/537.36 (KHTML, like Gecko) Chrome/92.0.4515.107 Safari/537.36"
::1 - - [24/Jul/2021:22:38:48 -0500] "GET /phpmyadmin/js/dist/menu_resizer.js?v=5.1.1 HTTP/1.1" 200 5644 "-" "Mozilla/5.0 (Windows NT 10.0; Win64; x64) AppleWebKit/537.36 (KHTML, like Gecko) Chrome/92.0.4515.107 Safari/537.36"
::1 - - [24/Jul/2021:22:38:48 -0500] "GET /phpmyadmin/js/vendor/jquery/jquery.ba-hashchange-2.0.js?v=5.1.1 HTTP/1.1" 200 10505 "-" "Mozilla/5.0 (Windows NT 10.0; Win64; x64) AppleWebKit/537.36 (KHTML, like Gecko) Chrome/92.0.4515.107 Safari/537.36"
::1 - - [24/Jul/2021:22:38:48 -0500] "GET /phpmyadmin/js/vendor/jquery/jquery.debounce-1.0.6.js?v=5.1.1 HTTP/1.1" 200 1608 "-" "Mozilla/5.0 (Windows NT 10.0; Win64; x64) AppleWebKit/537.36 (KHTML, like Gecko) Chrome/92.0.4515.107 Safari/537.36"
::1 - - [24/Jul/2021:22:38:48 -0500] "GET /phpmyadmin/js/dist/rte.js?v=5.1.1 HTTP/1.1" 200 40074 "-" "Mozilla/5.0 (Windows NT 10.0; Win64; x64) AppleWebKit/537.36 (KHTML, like Gecko) Chrome/92.0.4515.107 Safari/537.36"
::1 - - [24/Jul/2021:22:38:48 -0500] "GET /phpmyadmin/js/vendor/tracekit.js?v=5.1.1 HTTP/1.1" 200 45389 "-" "Mozilla/5.0 (Windows NT 10.0; Win64; x64) AppleWebKit/537.36 (KHTML, like Gecko) Chrome/92.0.4515.107 Safari/537.36"
::1 - - [24/Jul/2021:22:38:48 -0500] "GET /phpmyadmin/js/dist/error_report.js?v=5.1.1 HTTP/1.1" 200 9621 "-" "Mozilla/5.0 (Windows NT 10.0; Win64; x64) AppleWebKit/537.36 (KHTML, like Gecko) Chrome/92.0.4515.107 Safari/537.36"
::1 - - [24/Jul/2021:22:38:48 -0500] "GET /phpmyadmin/js/dist/doclinks.js?v=5.1.1 HTTP/1.1" 200 18275 "-" "Mozilla/5.0 (Windows NT 10.0; Win64; x64) AppleWebKit/537.36 (KHTML, like Gecko) Chrome/92.0.4515.107 Safari/537.36"
::1 - - [24/Jul/2021:22:38:48 -0500] "GET /phpmyadmin/js/dist/config.js?v=5.1.1 HTTP/1.1" 200 24956 "-" "Mozilla/5.0 (Windows NT 10.0; Win64; x64) AppleWebKit/537.36 (KHTML, like Gecko) Chrome/92.0.4515.107 Safari/537.36"
::1 - - [24/Jul/2021:22:38:48 -0500] "GET /phpmyadmin/js/dist/functions.js?v=5.1.1 HTTP/1.1" 200 160967 "-" "Mozilla/5.0 (Windows NT 10.0; Win64; x64) AppleWebKit/537.36 (KHTML, like Gecko) Chrome/92.0.4515.107 Safari/537.36"
::1 - - [24/Jul/2021:22:38:48 -0500] "GET /phpmyadmin/js/dist/indexes.js?v=5.1.1 HTTP/1.1" 200 26344 "-" "Mozilla/5.0 (Windows NT 10.0; Win64; x64) AppleWebKit/537.36 (KHTML, like Gecko) Chrome/92.0.4515.107 Safari/537.36"
::1 - - [24/Jul/2021:22:38:48 -0500] "GET /phpmyadmin/js/dist/navigation.js?v=5.1.1 HTTP/1.1" 200 54678 "-" "Mozilla/5.0 (Windows NT 10.0; Win64; x64) AppleWebKit/537.36 (KHTML, like Gecko) Chrome/92.0.4515.107 Safari/537.36"
::1 - - [24/Jul/2021:22:38:48 -0500] "GET /phpmyadmin/js/dist/common.js?v=5.1.1 HTTP/1.1" 200 4367 "-" "Mozilla/5.0 (Windows NT 10.0; Win64; x64) AppleWebKit/537.36 (KHTML, like Gecko) Chrome/92.0.4515.107 Safari/537.36"
::1 - - [24/Jul/2021:22:38:48 -0500] "GET /phpmyadmin/js/dist/page_settings.js?v=5.1.1 HTTP/1.1" 200 1568 "-" "Mozilla/5.0 (Windows NT 10.0; Win64; x64) AppleWebKit/537.36 (KHTML, like Gecko) Chrome/92.0.4515.107 Safari/537.36"
::1 - - [24/Jul/2021:22:38:48 -0500] "GET /phpmyadmin/js/dist/drag_drop_import.js?v=5.1.1 HTTP/1.1" 200 12308 "-" "Mozilla/5.0 (Windows NT 10.0; Win64; x64) AppleWebKit/537.36 (KHTML, like Gecko) Chrome/92.0.4515.107 Safari/537.36"
::1 - - [24/Jul/2021:22:38:48 -0500] "GET /phpmyadmin/js/dist/shortcuts_handler.js?v=5.1.1 HTTP/1.1" 200 3326 "-" "Mozilla/5.0 (Windows NT 10.0; Win64; x64) AppleWebKit/537.36 (KHTML, like Gecko) Chrome/92.0.4515.107 Safari/537.36"
::1 - - [24/Jul/2021:22:38:48 -0500] "GET /phpmyadmin/js/vendor/codemirror/mode/sql/sql.js?v=5.1.1 HTTP/1.1" 200 47998 "-" "Mozilla/5.0 (Windows NT 10.0; Win64; x64) AppleWebKit/537.36 (KHTML, like Gecko) Chrome/92.0.4515.107 Safari/537.36"
::1 - - [24/Jul/2021:22:38:48 -0500] "GET /phpmyadmin/js/vendor/codemirror/lib/codemirror.js?v=5.1.1 HTTP/1.1" 200 398364 "-" "Mozilla/5.0 (Windows NT 10.0; Win64; x64) AppleWebKit/537.36 (KHTML, like Gecko) Chrome/92.0.4515.107 Safari/537.36"
::1 - - [24/Jul/2021:22:38:48 -0500] "GET /phpmyadmin/js/vendor/codemirror/addon/runmode/runmode.js?v=5.1.1 HTTP/1.1" 200 2773 "-" "Mozilla/5.0 (Windows NT 10.0; Win64; x64) AppleWebKit/537.36 (KHTML, like Gecko) Chrome/92.0.4515.107 Safari/537.36"
::1 - - [24/Jul/2021:22:38:48 -0500] "GET /phpmyadmin/js/vendor/codemirror/addon/hint/sql-hint.js?v=5.1.1 HTTP/1.1" 200 9604 "-" "Mozilla/5.0 (Windows NT 10.0; Win64; x64) AppleWebKit/537.36 (KHTML, like Gecko) Chrome/92.0.4515.107 Safari/537.36"
::1 - - [24/Jul/2021:22:38:48 -0500] "GET /phpmyadmin/js/dist/codemirror/addon/lint/sql-lint.js?v=5.1.1 HTTP/1.1" 200 959 "-" "Mozilla/5.0 (Windows NT 10.0; Win64; x64) AppleWebKit/537.36 (KHTML, like Gecko) Chrome/92.0.4515.107 Safari/537.36"
::1 - - [24/Jul/2021:22:38:48 -0500] "GET /phpmyadmin/js/vendor/codemirror/addon/hint/show-hint.js?v=5.1.1 HTTP/1.1" 200 19089 "-" "Mozilla/5.0 (Windows NT 10.0; Win64; x64) AppleWebKit/537.36 (KHTML, like Gecko) Chrome/92.0.4515.107 Safari/537.36"
::1 - - [24/Jul/2021:22:38:48 -0500] "GET /phpmyadmin/js/vendor/codemirror/addon/lint/lint.js?v=5.1.1 HTTP/1.1" 200 9125 "-" "Mozilla/5.0 (Windows NT 10.0; Win64; x64) AppleWebKit/537.36 (KHTML, like Gecko) Chrome/92.0.4515.107 Safari/537.36"
::1 - - [24/Jul/2021:22:38:48 -0500] "GET /phpmyadmin/js/dist/console.js?v=5.1.1 HTTP/1.1" 200 49656 "-" "Mozilla/5.0 (Windows NT 10.0; Win64; x64) AppleWebKit/537.36 (KHTML, like Gecko) Chrome/92.0.4515.107 Safari/537.36"
::1 - - [24/Jul/2021:22:38:48 -0500] "GET /phpmyadmin/themes/pmahomme/img/logo_left.png HTTP/1.1" 200 2713 "-" "Mozilla/5.0 (Windows NT 10.0; Win64; x64) AppleWebKit/537.36 (KHTML, like Gecko) Chrome/92.0.4515.107 Safari/537.36"
::1 - - [24/Jul/2021:22:38:48 -0500] "GET /phpmyadmin/js/messages.php?l=en&v=5.1.1&lang=en HTTP/1.1" 200 7921 "-" "Mozilla/5.0 (Windows NT 10.0; Win64; x64) AppleWebKit/537.36 (KHTML, like Gecko) Chrome/92.0.4515.107 Safari/537.36"
::1 - - [24/Jul/2021:22:38:48 -0500] "GET /phpmyadmin/themes/dot.gif HTTP/1.1" 200 43 "-" "Mozilla/5.0 (Windows NT 10.0; Win64; x64) AppleWebKit/537.36 (KHTML, like Gecko) Chrome/92.0.4515.107 Safari/537.36"
::1 - - [24/Jul/2021:22:38:48 -0500] "GET /phpmyadmin/themes/pmahomme/css/printview.css?v=5.1.1 HTTP/1.1" 200 1392 "-" "Mozilla/5.0 (Windows NT 10.0; Win64; x64) AppleWebKit/537.36 (KHTML, like Gecko) Chrome/92.0.4515.107 Safari/537.36"
::1 - - [24/Jul/2021:22:38:48 -0500] "GET /phpmyadmin/themes/pmahomme/img/left_nav_bg.png HTTP/1.1" 200 146 "http://localhost/phpmyadmin/themes/pmahomme/css/theme.css?v=5.1.1&nocache=2594244035ltr&server=1" "Mozilla/5.0 (Windows NT 10.0; Win64; x64) AppleWebKit/537.36 (KHTML, like Gecko) Chrome/92.0.4515.107 Safari/537.36"
::1 - - [24/Jul/2021:22:38:48 -0500] "GET /phpmyadmin/themes/pmahomme/img/b_home.png HTTP/1.1" 200 734 "http://localhost/phpmyadmin/themes/pmahomme/css/theme.css?v=5.1.1&nocache=2594244035ltr&server=1" "Mozilla/5.0 (Windows NT 10.0; Win64; x64) AppleWebKit/537.36 (KHTML, like Gecko) Chrome/92.0.4515.107 Safari/537.36"
::1 - - [24/Jul/2021:22:38:48 -0500] "GET /phpmyadmin/themes/pmahomme/img/b_sqlhelp.png HTTP/1.1" 200 512 "http://localhost/phpmyadmin/themes/pmahomme/css/theme.css?v=5.1.1&nocache=2594244035ltr&server=1" "Mozilla/5.0 (Windows NT 10.0; Win64; x64) AppleWebKit/537.36 (KHTML, like Gecko) Chrome/92.0.4515.107 Safari/537.36"
::1 - - [24/Jul/2021:22:38:48 -0500] "GET /phpmyadmin/themes/pmahomme/img/b_docs.png HTTP/1.1" 200 705 "http://localhost/phpmyadmin/themes/pmahomme/css/theme.css?v=5.1.1&nocache=2594244035ltr&server=1" "Mozilla/5.0 (Windows NT 10.0; Win64; x64) AppleWebKit/537.36 (KHTML, like Gecko) Chrome/92.0.4515.107 Safari/537.36"
::1 - - [24/Jul/2021:22:38:48 -0500] "GET /phpmyadmin/themes/pmahomme/img/s_cog.png HTTP/1.1" 200 442 "http://localhost/phpmyadmin/themes/pmahomme/css/theme.css?v=5.1.1&nocache=2594244035ltr&server=1" "Mozilla/5.0 (Windows NT 10.0; Win64; x64) AppleWebKit/537.36 (KHTML, like Gecko) Chrome/92.0.4515.107 Safari/537.36"
::1 - - [24/Jul/2021:22:38:48 -0500] "GET /phpmyadmin/themes/pmahomme/img/s_loggoff.png HTTP/1.1" 200 626 "http://localhost/phpmyadmin/themes/pmahomme/css/theme.css?v=5.1.1&nocache=2594244035ltr&server=1" "Mozilla/5.0 (Windows NT 10.0; Win64; x64) AppleWebKit/537.36 (KHTML, like Gecko) Chrome/92.0.4515.107 Safari/537.36"
::1 - - [24/Jul/2021:22:38:48 -0500] "GET /phpmyadmin/themes/pmahomme/img/s_link.png HTTP/1.1" 200 280 "http://localhost/phpmyadmin/themes/pmahomme/css/theme.css?v=5.1.1&nocache=2594244035ltr&server=1" "Mozilla/5.0 (Windows NT 10.0; Win64; x64) AppleWebKit/537.36 (KHTML, like Gecko) Chrome/92.0.4515.107 Safari/537.36"
::1 - - [24/Jul/2021:22:38:48 -0500] "GET /phpmyadmin/themes/pmahomme/img/s_reload.png HTTP/1.1" 200 527 "http://localhost/phpmyadmin/themes/pmahomme/css/theme.css?v=5.1.1&nocache=2594244035ltr&server=1" "Mozilla/5.0 (Windows NT 10.0; Win64; x64) AppleWebKit/537.36 (KHTML, like Gecko) Chrome/92.0.4515.107 Safari/537.36"
::1 - - [24/Jul/2021:22:38:48 -0500] "GET /phpmyadmin/themes/pmahomme/img/b_newdb.png HTTP/1.1" 200 585 "http://localhost/phpmyadmin/themes/pmahomme/css/theme.css?v=5.1.1&nocache=2594244035ltr&server=1" "Mozilla/5.0 (Windows NT 10.0; Win64; x64) AppleWebKit/537.36 (KHTML, like Gecko) Chrome/92.0.4515.107 Safari/537.36"
::1 - - [24/Jul/2021:22:38:48 -0500] "GET /phpmyadmin/themes/pmahomme/img/b_plus.png HTTP/1.1" 200 143 "http://localhost/phpmyadmin/themes/pmahomme/css/theme.css?v=5.1.1&nocache=2594244035ltr&server=1" "Mozilla/5.0 (Windows NT 10.0; Win64; x64) AppleWebKit/537.36 (KHTML, like Gecko) Chrome/92.0.4515.107 Safari/537.36"
::1 - - [24/Jul/2021:22:38:48 -0500] "GET /phpmyadmin/themes/pmahomme/img/s_db.png HTTP/1.1" 200 328 "http://localhost/phpmyadmin/themes/pmahomme/css/theme.css?v=5.1.1&nocache=2594244035ltr&server=1" "Mozilla/5.0 (Windows NT 10.0; Win64; x64) AppleWebKit/537.36 (KHTML, like Gecko) Chrome/92.0.4515.107 Safari/537.36"
::1 - - [24/Jul/2021:22:38:48 -0500] "GET /phpmyadmin/themes/pmahomme/img/s_host.png HTTP/1.1" 200 591 "http://localhost/phpmyadmin/themes/pmahomme/css/theme.css?v=5.1.1&nocache=2594244035ltr&server=1" "Mozilla/5.0 (Windows NT 10.0; Win64; x64) AppleWebKit/537.36 (KHTML, like Gecko) Chrome/92.0.4515.107 Safari/537.36"
::1 - - [24/Jul/2021:22:38:48 -0500] "GET /phpmyadmin/themes/pmahomme/img/b_sql.png HTTP/1.1" 200 680 "http://localhost/phpmyadmin/themes/pmahomme/css/theme.css?v=5.1.1&nocache=2594244035ltr&server=1" "Mozilla/5.0 (Windows NT 10.0; Win64; x64) AppleWebKit/537.36 (KHTML, like Gecko) Chrome/92.0.4515.107 Safari/537.36"
::1 - - [24/Jul/2021:22:38:48 -0500] "GET /phpmyadmin/themes/pmahomme/img/s_status.png HTTP/1.1" 200 600 "http://localhost/phpmyadmin/themes/pmahomme/css/theme.css?v=5.1.1&nocache=2594244035ltr&server=1" "Mozilla/5.0 (Windows NT 10.0; Win64; x64) AppleWebKit/537.36 (KHTML, like Gecko) Chrome/92.0.4515.107 Safari/537.36"
::1 - - [24/Jul/2021:22:38:48 -0500] "GET /phpmyadmin/themes/pmahomme/img/s_rights.png HTTP/1.1" 200 461 "http://localhost/phpmyadmin/themes/pmahomme/css/theme.css?v=5.1.1&nocache=2594244035ltr&server=1" "Mozilla/5.0 (Windows NT 10.0; Win64; x64) AppleWebKit/537.36 (KHTML, like Gecko) Chrome/92.0.4515.107 Safari/537.36"
::1 - - [24/Jul/2021:22:38:48 -0500] "GET /phpmyadmin/themes/pmahomme/img/b_export.png HTTP/1.1" 200 514 "http://localhost/phpmyadmin/themes/pmahomme/css/theme.css?v=5.1.1&nocache=2594244035ltr&server=1" "Mozilla/5.0 (Windows NT 10.0; Win64; x64) AppleWebKit/537.36 (KHTML, like Gecko) Chrome/92.0.4515.107 Safari/537.36"
::1 - - [24/Jul/2021:22:38:48 -0500] "GET /phpmyadmin/themes/pmahomme/img/b_import.png HTTP/1.1" 200 556 "http://localhost/phpmyadmin/themes/pmahomme/css/theme.css?v=5.1.1&nocache=2594244035ltr&server=1" "Mozilla/5.0 (Windows NT 10.0; Win64; x64) AppleWebKit/537.36 (KHTML, like Gecko) Chrome/92.0.4515.107 Safari/537.36"
::1 - - [24/Jul/2021:22:38:48 -0500] "GET /phpmyadmin/themes/pmahomme/img/b_tblops.png HTTP/1.1" 200 537 "http://localhost/phpmyadmin/themes/pmahomme/css/theme.css?v=5.1.1&nocache=2594244035ltr&server=1" "Mozilla/5.0 (Windows NT 10.0; Win64; x64) AppleWebKit/537.36 (KHTML, like Gecko) Chrome/92.0.4515.107 Safari/537.36"
::1 - - [24/Jul/2021:22:38:48 -0500] "GET /phpmyadmin/themes/pmahomme/img/s_replication.png HTTP/1.1" 200 399 "http://localhost/phpmyadmin/themes/pmahomme/css/theme.css?v=5.1.1&nocache=2594244035ltr&server=1" "Mozilla/5.0 (Windows NT 10.0; Win64; x64) AppleWebKit/537.36 (KHTML, like Gecko) Chrome/92.0.4515.107 Safari/537.36"
::1 - - [24/Jul/2021:22:38:48 -0500] "GET /phpmyadmin/themes/pmahomme/img/b_engine.png HTTP/1.1" 200 398 "http://localhost/phpmyadmin/themes/pmahomme/css/theme.css?v=5.1.1&nocache=2594244035ltr&server=1" "Mozilla/5.0 (Windows NT 10.0; Win64; x64) AppleWebKit/537.36 (KHTML, like Gecko) Chrome/92.0.4515.107 Safari/537.36"
::1 - - [24/Jul/2021:22:38:48 -0500] "GET /phpmyadmin/themes/pmahomme/img/s_asci.png HTTP/1.1" 200 148 "http://localhost/phpmyadmin/themes/pmahomme/css/theme.css?v=5.1.1&nocache=2594244035ltr&server=1" "Mozilla/5.0 (Windows NT 10.0; Win64; x64) AppleWebKit/537.36 (KHTML, like Gecko) Chrome/92.0.4515.107 Safari/537.36"
::1 - - [24/Jul/2021:22:38:48 -0500] "GET /phpmyadmin/themes/pmahomme/img/s_vars.png HTTP/1.1" 200 523 "http://localhost/phpmyadmin/themes/pmahomme/css/theme.css?v=5.1.1&nocache=2594244035ltr&server=1" "Mozilla/5.0 (Windows NT 10.0; Win64; x64) AppleWebKit/537.36 (KHTML, like Gecko) Chrome/92.0.4515.107 Safari/537.36"
::1 - - [24/Jul/2021:22:38:48 -0500] "GET /phpmyadmin/themes/pmahomme/img/b_plugin.png HTTP/1.1" 200 512 "http://localhost/phpmyadmin/themes/pmahomme/css/theme.css?v=5.1.1&nocache=2594244035ltr&server=1" "Mozilla/5.0 (Windows NT 10.0; Win64; x64) AppleWebKit/537.36 (KHTML, like Gecko) Chrome/92.0.4515.107 Safari/537.36"
::1 - - [24/Jul/2021:22:38:48 -0500] "GET /phpmyadmin/themes/pmahomme/img/s_top.png HTTP/1.1" 200 220 "http://localhost/phpmyadmin/themes/pmahomme/css/theme.css?v=5.1.1&nocache=2594244035ltr&server=1" "Mozilla/5.0 (Windows NT 10.0; Win64; x64) AppleWebKit/537.36 (KHTML, like Gecko) Chrome/92.0.4515.107 Safari/537.36"
::1 - - [24/Jul/2021:22:38:48 -0500] "GET /phpmyadmin/themes/pmahomme/img/console.png HTTP/1.1" 200 292 "http://localhost/phpmyadmin/themes/pmahomme/css/theme.css?v=5.1.1&nocache=2594244035ltr&server=1" "Mozilla/5.0 (Windows NT 10.0; Win64; x64) AppleWebKit/537.36 (KHTML, like Gecko) Chrome/92.0.4515.107 Safari/537.36"
::1 - - [24/Jul/2021:22:38:48 -0500] "GET /phpmyadmin/themes/pmahomme/img/b_help.png HTTP/1.1" 200 705 "http://localhost/phpmyadmin/themes/pmahomme/css/theme.css?v=5.1.1&nocache=2594244035ltr&server=1" "Mozilla/5.0 (Windows NT 10.0; Win64; x64) AppleWebKit/537.36 (KHTML, like Gecko) Chrome/92.0.4515.107 Safari/537.36"
::1 - - [24/Jul/2021:22:38:48 -0500] "GET /phpmyadmin/themes/pmahomme/img/s_lang.png HTTP/1.1" 200 659 "http://localhost/phpmyadmin/themes/pmahomme/css/theme.css?v=5.1.1&nocache=2594244035ltr&server=1" "Mozilla/5.0 (Windows NT 10.0; Win64; x64) AppleWebKit/537.36 (KHTML, like Gecko) Chrome/92.0.4515.107 Safari/537.36"
::1 - - [24/Jul/2021:22:38:48 -0500] "GET /phpmyadmin/themes/pmahomme/img/s_theme.png HTTP/1.1" 200 772 "http://localhost/phpmyadmin/themes/pmahomme/css/theme.css?v=5.1.1&nocache=2594244035ltr&server=1" "Mozilla/5.0 (Windows NT 10.0; Win64; x64) AppleWebKit/537.36 (KHTML, like Gecko) Chrome/92.0.4515.107 Safari/537.36"
::1 - - [24/Jul/2021:22:38:48 -0500] "GET /phpmyadmin/themes/pmahomme/img/window-new.png HTTP/1.1" 200 468 "http://localhost/phpmyadmin/themes/pmahomme/css/theme.css?v=5.1.1&nocache=2594244035ltr&server=1" "Mozilla/5.0 (Windows NT 10.0; Win64; x64) AppleWebKit/537.36 (KHTML, like Gecko) Chrome/92.0.4515.107 Safari/537.36"
::1 - - [24/Jul/2021:22:38:48 -0500] "GET /phpmyadmin/favicon.ico HTTP/1.1" 200 22486 "-" "Mozilla/5.0 (Windows NT 10.0; Win64; x64) AppleWebKit/537.36 (KHTML, like Gecko) Chrome/92.0.4515.107 Safari/537.36"
::1 - - [24/Jul/2021:22:38:48 -0500] "POST /phpmyadmin/index.php?route=/navigation&ajax_request=1 HTTP/1.1" 200 2266 "-" "Mozilla/5.0 (Windows NT 10.0; Win64; x64) AppleWebKit/537.36 (KHTML, like Gecko) Chrome/92.0.4515.107 Safari/537.36"
::1 - - [24/Jul/2021:22:38:48 -0500] "POST /phpmyadmin/index.php?route=/config/get HTTP/1.1" 200 1565 "-" "Mozilla/5.0 (Windows NT 10.0; Win64; x64) AppleWebKit/537.36 (KHTML, like Gecko) Chrome/92.0.4515.107 Safari/537.36"
::1 - - [24/Jul/2021:22:38:48 -0500] "POST /phpmyadmin/index.php?route=/config/get HTTP/1.1" 200 1655 "-" "Mozilla/5.0 (Windows NT 10.0; Win64; x64) AppleWebKit/537.36 (KHTML, like Gecko) Chrome/92.0.4515.107 Safari/537.36"
::1 - - [24/Jul/2021:22:38:48 -0500] "POST /phpmyadmin/index.php?route=/version-check HTTP/1.1" 200 64 "-" "Mozilla/5.0 (Windows NT 10.0; Win64; x64) AppleWebKit/537.36 (KHTML, like Gecko) Chrome/92.0.4515.107 Safari/537.36"
::1 - - [24/Jul/2021:22:38:48 -0500] "POST /phpmyadmin/index.php?route=/database/structure/favorite-table&ajax_request=1&favorite_table=1&sync_favorite_tables=1&lang=en HTTP/1.1" 200 155 "-" "Mozilla/5.0 (Windows NT 10.0; Win64; x64) AppleWebKit/537.36 (KHTML, like Gecko) Chrome/92.0.4515.107 Safari/537.36"
::1 - - [24/Jul/2021:22:38:49 -0500] "POST /phpmyadmin/index.php?route=/config/set HTTP/1.1" 200 1556 "-" "Mozilla/5.0 (Windows NT 10.0; Win64; x64) AppleWebKit/537.36 (KHTML, like Gecko) Chrome/92.0.4515.107 Safari/537.36"
127.0.0.1 - - [24/Jul/2021:22:38:50 -0500] "GET /scrape?info_hash=%81%FE%9A%95tQ%A9j%2C%05%B6%01Y%E1%CC%D0%13%B8%CA%A0&info_hash=1%83%BB%F9b_%AF%8B%0C%B1%B6o%D0m%EC%D7%04y%AF%DE HTTP/1.1" 404 304 "-" "Azureus 5.7.6.0;Windows 10;Java 1.8.0_121"
::1 - - [24/Jul/2021:22:38:52 -0500] "GET /phpmyadmin/themes/pmahomme/img/s_unlink.png HTTP/1.1" 200 589 "http://localhost/phpmyadmin/themes/pmahomme/css/theme.css?v=5.1.1&nocache=2594244035ltr&server=1" "Mozilla/5.0 (Windows NT 10.0; Win64; x64) AppleWebKit/537.36 (KHTML, like Gecko) Chrome/92.0.4515.107 Safari/537.36"
::1 - - [24/Jul/2021:22:38:54 -0500] "GET /phpmyadmin/themes/pmahomme/img/ajax_clock_small.gif HTTP/1.1" 200 1810 "http://localhost/phpmyadmin/themes/pmahomme/css/theme.css?v=5.1.1&nocache=2594244035ltr&server=1" "Mozilla/5.0 (Windows NT 10.0; Win64; x64) AppleWebKit/537.36 (KHTML, like Gecko) Chrome/92.0.4515.107 Safari/537.36"
::1 - - [24/Jul/2021:22:38:54 -0500] "GET /phpmyadmin/index.php?route=/server/databases&server=1&ajax_request=true&ajax_page_request=true&_nocache=1627184334123922709&token=434e5972535b4e75385d576722474621 HTTP/1.1" 200 7561 "-" "Mozilla/5.0 (Windows NT 10.0; Win64; x64) AppleWebKit/537.36 (KHTML, like Gecko) Chrome/92.0.4515.107 Safari/537.36"
::1 - - [24/Jul/2021:22:38:54 -0500] "GET /phpmyadmin/themes/pmahomme/img/s_asc.png HTTP/1.1" 200 146 "http://localhost/phpmyadmin/themes/pmahomme/css/theme.css?v=5.1.1&nocache=2594244035ltr&server=1" "Mozilla/5.0 (Windows NT 10.0; Win64; x64) AppleWebKit/537.36 (KHTML, like Gecko) Chrome/92.0.4515.107 Safari/537.36"
::1 - - [24/Jul/2021:22:38:54 -0500] "GET /phpmyadmin/themes/pmahomme/img/b_deltbl.png HTTP/1.1" 200 577 "http://localhost/phpmyadmin/themes/pmahomme/css/theme.css?v=5.1.1&nocache=2594244035ltr&server=1" "Mozilla/5.0 (Windows NT 10.0; Win64; x64) AppleWebKit/537.36 (KHTML, like Gecko) Chrome/92.0.4515.107 Safari/537.36"
::1 - - [24/Jul/2021:22:38:54 -0500] "GET /phpmyadmin/themes/pmahomme/img/s_notice.png HTTP/1.1" 200 567 "http://localhost/phpmyadmin/themes/pmahomme/css/theme.css?v=5.1.1&nocache=2594244035ltr&server=1" "Mozilla/5.0 (Windows NT 10.0; Win64; x64) AppleWebKit/537.36 (KHTML, like Gecko) Chrome/92.0.4515.107 Safari/537.36"
::1 - - [24/Jul/2021:22:38:54 -0500] "GET /phpmyadmin/js/dist/server/databases.js?v=5.1.1 HTTP/1.1" 200 4917 "-" "Mozilla/5.0 (Windows NT 10.0; Win64; x64) AppleWebKit/537.36 (KHTML, like Gecko) Chrome/92.0.4515.107 Safari/537.36"
::1 - - [24/Jul/2021:22:38:54 -0500] "GET /phpmyadmin/themes/pmahomme/img/arrow_ltr.png HTTP/1.1" 200 101 "-" "Mozilla/5.0 (Windows NT 10.0; Win64; x64) AppleWebKit/537.36 (KHTML, like Gecko) Chrome/92.0.4515.107 Safari/537.36"
::1 - - [24/Jul/2021:22:40:13 -0500] "GET /phpmyadmin/index.php?route=/server/import&ajax_request=true&ajax_page_request=true&_nocache=1627184413336159264&token=434e5972535b4e75385d576722474621 HTTP/1.1" 200 6732 "-" "Mozilla/5.0 (Windows NT 10.0; Win64; x64) AppleWebKit/537.36 (KHTML, like Gecko) Chrome/92.0.4515.107 Safari/537.36"
::1 - - [24/Jul/2021:22:40:13 -0500] "GET /phpmyadmin/js/dist/import.js?v=5.1.1 HTTP/1.1" 200 6161 "-" "Mozilla/5.0 (Windows NT 10.0; Win64; x64) AppleWebKit/537.36 (KHTML, like Gecko) Chrome/92.0.4515.107 Safari/537.36"
::1 - - [24/Jul/2021:22:40:30 -0500] "POST /phpmyadmin/index.php?route=/import HTTP/1.1" 200 9452 "-" "Mozilla/5.0 (Windows NT 10.0; Win64; x64) AppleWebKit/537.36 (KHTML, like Gecko) Chrome/92.0.4515.107 Safari/537.36"
::1 - - [24/Jul/2021:22:40:31 -0500] "GET /phpmyadmin/themes/pmahomme/css/theme.css?v=5.1.1&nocache=1470387200ltr&server=1 HTTP/1.1" 200 214799 "-" "Mozilla/5.0 (Windows NT 10.0; Win64; x64) AppleWebKit/537.36 (KHTML, like Gecko) Chrome/92.0.4515.107 Safari/537.36"
::1 - - [24/Jul/2021:22:40:31 -0500] "GET /phpmyadmin/js/messages.php?l=en&v=5.1.1 HTTP/1.1" 200 7921 "-" "Mozilla/5.0 (Windows NT 10.0; Win64; x64) AppleWebKit/537.36 (KHTML, like Gecko) Chrome/92.0.4515.107 Safari/537.36"
::1 - - [24/Jul/2021:22:40:31 -0500] "POST /phpmyadmin/index.php?route=/config/get HTTP/1.1" 200 1565 "-" "Mozilla/5.0 (Windows NT 10.0; Win64; x64) AppleWebKit/537.36 (KHTML, like Gecko) Chrome/92.0.4515.107 Safari/537.36"
::1 - - [24/Jul/2021:22:40:31 -0500] "POST /phpmyadmin/index.php?route=/navigation&ajax_request=1 HTTP/1.1" 200 2266 "-" "Mozilla/5.0 (Windows NT 10.0; Win64; x64) AppleWebKit/537.36 (KHTML, like Gecko) Chrome/92.0.4515.107 Safari/537.36"
::1 - - [24/Jul/2021:22:40:31 -0500] "POST /phpmyadmin/index.php?route=/config/get HTTP/1.1" 200 1655 "-" "Mozilla/5.0 (Windows NT 10.0; Win64; x64) AppleWebKit/537.36 (KHTML, like Gecko) Chrome/92.0.4515.107 Safari/537.36"
::1 - - [24/Jul/2021:22:40:31 -0500] "POST /phpmyadmin/index.php?route=/config/set HTTP/1.1" 200 1556 "-" "Mozilla/5.0 (Windows NT 10.0; Win64; x64) AppleWebKit/537.36 (KHTML, like Gecko) Chrome/92.0.4515.107 Safari/537.36"
::1 - - [24/Jul/2021:22:40:59 -0500] "GET /phpmyadmin/index.php?route=/server/import&no_history=true&ajax_request=true&ajax_page_request=true&_nocache=1627184459733582587&token=434e5972535b4e75385d576722474621 HTTP/1.1" 200 6731 "-" "Mozilla/5.0 (Windows NT 10.0; Win64; x64) AppleWebKit/537.36 (KHTML, like Gecko) Chrome/92.0.4515.107 Safari/537.36"
::1 - - [24/Jul/2021:22:42:25 -0500] "POST /phpmyadmin/index.php?route=/import HTTP/1.1" 200 9451 "-" "Mozilla/5.0 (Windows NT 10.0; Win64; x64) AppleWebKit/537.36 (KHTML, like Gecko) Chrome/92.0.4515.107 Safari/537.36"
::1 - - [24/Jul/2021:22:42:25 -0500] "GET /phpmyadmin/themes/pmahomme/css/theme.css?v=5.1.1&nocache=553609643ltr&server=1 HTTP/1.1" 200 214799 "-" "Mozilla/5.0 (Windows NT 10.0; Win64; x64) AppleWebKit/537.36 (KHTML, like Gecko) Chrome/92.0.4515.107 Safari/537.36"
::1 - - [24/Jul/2021:22:42:25 -0500] "POST /phpmyadmin/index.php?route=/config/get HTTP/1.1" 200 1565 "-" "Mozilla/5.0 (Windows NT 10.0; Win64; x64) AppleWebKit/537.36 (KHTML, like Gecko) Chrome/92.0.4515.107 Safari/537.36"
::1 - - [24/Jul/2021:22:42:25 -0500] "POST /phpmyadmin/index.php?route=/config/get HTTP/1.1" 200 1655 "-" "Mozilla/5.0 (Windows NT 10.0; Win64; x64) AppleWebKit/537.36 (KHTML, like Gecko) Chrome/92.0.4515.107 Safari/537.36"
::1 - - [24/Jul/2021:22:42:25 -0500] "POST /phpmyadmin/index.php?route=/navigation&ajax_request=1 HTTP/1.1" 200 2266 "-" "Mozilla/5.0 (Windows NT 10.0; Win64; x64) AppleWebKit/537.36 (KHTML, like Gecko) Chrome/92.0.4515.107 Safari/537.36"
::1 - - [24/Jul/2021:22:42:25 -0500] "POST /phpmyadmin/index.php?route=/config/set HTTP/1.1" 200 1556 "-" "Mozilla/5.0 (Windows NT 10.0; Win64; x64) AppleWebKit/537.36 (KHTML, like Gecko) Chrome/92.0.4515.107 Safari/537.36"
::1 - - [24/Jul/2021:22:42:32 -0500] "GET /phpmyadmin/index.php?route=/server/databases&server=1&ajax_request=true&ajax_page_request=true&_nocache=1627184552135497253&token=434e5972535b4e75385d576722474621 HTTP/1.1" 200 7561 "-" "Mozilla/5.0 (Windows NT 10.0; Win64; x64) AppleWebKit/537.36 (KHTML, like Gecko) Chrome/92.0.4515.107 Safari/537.36"
::1 - - [24/Jul/2021:22:42:38 -0500] "POST /phpmyadmin/index.php?route=/server/databases/create HTTP/1.1" 200 1954 "-" "Mozilla/5.0 (Windows NT 10.0; Win64; x64) AppleWebKit/537.36 (KHTML, like Gecko) Chrome/92.0.4515.107 Safari/537.36"
::1 - - [24/Jul/2021:22:42:38 -0500] "GET /phpmyadmin/themes/pmahomme/img/s_success.png HTTP/1.1" 200 465 "http://localhost/phpmyadmin/themes/pmahomme/css/theme.css?v=5.1.1&nocache=553609643ltr&server=1" "Mozilla/5.0 (Windows NT 10.0; Win64; x64) AppleWebKit/537.36 (KHTML, like Gecko) Chrome/92.0.4515.107 Safari/537.36"
::1 - - [24/Jul/2021:22:42:38 -0500] "POST /phpmyadmin/index.php?route=/navigation&ajax_request=1 HTTP/1.1" 200 2297 "-" "Mozilla/5.0 (Windows NT 10.0; Win64; x64) AppleWebKit/537.36 (KHTML, like Gecko) Chrome/92.0.4515.107 Safari/537.36"
::1 - - [24/Jul/2021:22:42:38 -0500] "GET /phpmyadmin/index.php?route=/database/structure&db=project&ajax_request=true&ajax_page_request=true&_nocache=1627184558628922731&token=434e5972535b4e75385d576722474621 HTTP/1.1" 200 3004 "-" "Mozilla/5.0 (Windows NT 10.0; Win64; x64) AppleWebKit/537.36 (KHTML, like Gecko) Chrome/92.0.4515.107 Safari/537.36"
::1 - - [24/Jul/2021:22:42:38 -0500] "GET /phpmyadmin/themes/pmahomme/img/b_props.png HTTP/1.1" 200 573 "http://localhost/phpmyadmin/themes/pmahomme/css/theme.css?v=5.1.1&nocache=553609643ltr&server=1" "Mozilla/5.0 (Windows NT 10.0; Win64; x64) AppleWebKit/537.36 (KHTML, like Gecko) Chrome/92.0.4515.107 Safari/537.36"
::1 - - [24/Jul/2021:22:42:38 -0500] "GET /phpmyadmin/themes/pmahomme/img/b_search.png HTTP/1.1" 200 538 "http://localhost/phpmyadmin/themes/pmahomme/css/theme.css?v=5.1.1&nocache=553609643ltr&server=1" "Mozilla/5.0 (Windows NT 10.0; Win64; x64) AppleWebKit/537.36 (KHTML, like Gecko) Chrome/92.0.4515.107 Safari/537.36"
::1 - - [24/Jul/2021:22:42:38 -0500] "GET /phpmyadmin/themes/pmahomme/img/b_routines.png HTTP/1.1" 200 306 "http://localhost/phpmyadmin/themes/pmahomme/css/theme.css?v=5.1.1&nocache=553609643ltr&server=1" "Mozilla/5.0 (Windows NT 10.0; Win64; x64) AppleWebKit/537.36 (KHTML, like Gecko) Chrome/92.0.4515.107 Safari/537.36"
::1 - - [24/Jul/2021:22:42:38 -0500] "GET /phpmyadmin/themes/pmahomme/img/b_triggers.png HTTP/1.1" 200 446 "http://localhost/phpmyadmin/themes/pmahomme/css/theme.css?v=5.1.1&nocache=553609643ltr&server=1" "Mozilla/5.0 (Windows NT 10.0; Win64; x64) AppleWebKit/537.36 (KHTML, like Gecko) Chrome/92.0.4515.107 Safari/537.36"
::1 - - [24/Jul/2021:22:42:38 -0500] "GET /phpmyadmin/themes/pmahomme/img/eye.png HTTP/1.1" 200 663 "http://localhost/phpmyadmin/themes/pmahomme/css/theme.css?v=5.1.1&nocache=553609643ltr&server=1" "Mozilla/5.0 (Windows NT 10.0; Win64; x64) AppleWebKit/537.36 (KHTML, like Gecko) Chrome/92.0.4515.107 Safari/537.36"
::1 - - [24/Jul/2021:22:42:38 -0500] "GET /phpmyadmin/themes/pmahomme/img/b_events.png HTTP/1.1" 200 703 "http://localhost/phpmyadmin/themes/pmahomme/css/theme.css?v=5.1.1&nocache=553609643ltr&server=1" "Mozilla/5.0 (Windows NT 10.0; Win64; x64) AppleWebKit/537.36 (KHTML, like Gecko) Chrome/92.0.4515.107 Safari/537.36"
::1 - - [24/Jul/2021:22:42:38 -0500] "GET /phpmyadmin/themes/pmahomme/img/b_relations.png HTTP/1.1" 200 140 "http://localhost/phpmyadmin/themes/pmahomme/css/theme.css?v=5.1.1&nocache=553609643ltr&server=1" "Mozilla/5.0 (Windows NT 10.0; Win64; x64) AppleWebKit/537.36 (KHTML, like Gecko) Chrome/92.0.4515.107 Safari/537.36"
::1 - - [24/Jul/2021:22:42:38 -0500] "GET /phpmyadmin/themes/pmahomme/img/centralColumns.png HTTP/1.1" 200 586 "http://localhost/phpmyadmin/themes/pmahomme/css/theme.css?v=5.1.1&nocache=553609643ltr&server=1" "Mozilla/5.0 (Windows NT 10.0; Win64; x64) AppleWebKit/537.36 (KHTML, like Gecko) Chrome/92.0.4515.107 Safari/537.36"
::1 - - [24/Jul/2021:22:42:38 -0500] "GET /phpmyadmin/themes/pmahomme/img/b_table_add.png HTTP/1.1" 200 571 "http://localhost/phpmyadmin/themes/pmahomme/css/theme.css?v=5.1.1&nocache=553609643ltr&server=1" "Mozilla/5.0 (Windows NT 10.0; Win64; x64) AppleWebKit/537.36 (KHTML, like Gecko) Chrome/92.0.4515.107 Safari/537.36"
::1 - - [24/Jul/2021:22:42:38 -0500] "GET /phpmyadmin/js/dist/table/change.js?v=5.1.1 HTTP/1.1" 200 28848 "-" "Mozilla/5.0 (Windows NT 10.0; Win64; x64) AppleWebKit/537.36 (KHTML, like Gecko) Chrome/92.0.4515.107 Safari/537.36"
::1 - - [24/Jul/2021:22:42:38 -0500] "GET /phpmyadmin/js/dist/database/structure.js?v=5.1.1 HTTP/1.1" 200 15663 "-" "Mozilla/5.0 (Windows NT 10.0; Win64; x64) AppleWebKit/537.36 (KHTML, like Gecko) Chrome/92.0.4515.107 Safari/537.36"
::1 - - [24/Jul/2021:22:42:38 -0500] "GET /phpmyadmin/index.php?route=/navigation&ajax_request=1&server=1&aPath=cm9vdA%3D%3D.cHJvamVjdA%3D%3D&vPath=cm9vdA%3D%3D.cHJvamVjdA%3D%3D&pos=0&searchClause=&searchClause2=&_nocache=1627184558941414258&token=434e5972535b4e75385d576722474621 HTTP/1.1" 200 1582 "-" "Mozilla/5.0 (Windows NT 10.0; Win64; x64) AppleWebKit/537.36 (KHTML, like Gecko) Chrome/92.0.4515.107 Safari/537.36"
::1 - - [24/Jul/2021:22:42:39 -0500] "GET /phpmyadmin/themes/pmahomme/img/b_minus.png HTTP/1.1" 200 123 "http://localhost/phpmyadmin/themes/pmahomme/css/theme.css?v=5.1.1&nocache=553609643ltr&server=1" "Mozilla/5.0 (Windows NT 10.0; Win64; x64) AppleWebKit/537.36 (KHTML, like Gecko) Chrome/92.0.4515.107 Safari/537.36"
::1 - - [24/Jul/2021:22:42:44 -0500] "GET /phpmyadmin/themes/pmahomme/img/s_lock.png HTTP/1.1" 200 667 "http://localhost/phpmyadmin/themes/pmahomme/css/theme.css?v=5.1.1&nocache=553609643ltr&server=1" "Mozilla/5.0 (Windows NT 10.0; Win64; x64) AppleWebKit/537.36 (KHTML, like Gecko) Chrome/92.0.4515.107 Safari/537.36"
::1 - - [24/Jul/2021:22:42:47 -0500] "GET /phpmyadmin/index.php?route=/database/import&db=project&ajax_request=true&ajax_page_request=true&_nocache=1627184567076863695&token=434e5972535b4e75385d576722474621 HTTP/1.1" 200 6848 "-" "Mozilla/5.0 (Windows NT 10.0; Win64; x64) AppleWebKit/537.36 (KHTML, like Gecko) Chrome/92.0.4515.107 Safari/537.36"
::1 - - [24/Jul/2021:22:42:51 -0500] "POST /phpmyadmin/index.php?route=/import HTTP/1.1" 200 9274 "-" "Mozilla/5.0 (Windows NT 10.0; Win64; x64) AppleWebKit/537.36 (KHTML, like Gecko) Chrome/92.0.4515.107 Safari/537.36"
::1 - - [24/Jul/2021:22:42:57 -0500] "GET /phpmyadmin/themes/pmahomme/css/theme.css?v=5.1.1&nocache=205158459ltr&server=1 HTTP/1.1" 200 214799 "-" "Mozilla/5.0 (Windows NT 10.0; Win64; x64) AppleWebKit/537.36 (KHTML, like Gecko) Chrome/92.0.4515.107 Safari/537.36"
::1 - - [24/Jul/2021:22:42:57 -0500] "POST /phpmyadmin/index.php?route=/config/get HTTP/1.1" 200 1565 "-" "Mozilla/5.0 (Windows NT 10.0; Win64; x64) AppleWebKit/537.36 (KHTML, like Gecko) Chrome/92.0.4515.107 Safari/537.36"
::1 - - [24/Jul/2021:22:42:57 -0500] "POST /phpmyadmin/index.php?route=/config/get HTTP/1.1" 200 1655 "-" "Mozilla/5.0 (Windows NT 10.0; Win64; x64) AppleWebKit/537.36 (KHTML, like Gecko) Chrome/92.0.4515.107 Safari/537.36"
::1 - - [24/Jul/2021:22:42:57 -0500] "POST /phpmyadmin/index.php?route=/navigation&ajax_request=1 HTTP/1.1" 200 3841 "-" "Mozilla/5.0 (Windows NT 10.0; Win64; x64) AppleWebKit/537.36 (KHTML, like Gecko) Chrome/92.0.4515.107 Safari/537.36"
::1 - - [24/Jul/2021:22:42:57 -0500] "POST /phpmyadmin/index.php?route=/config/set HTTP/1.1" 200 1556 "-" "Mozilla/5.0 (Windows NT 10.0; Win64; x64) AppleWebKit/537.36 (KHTML, like Gecko) Chrome/92.0.4515.107 Safari/537.36"
::1 - - [24/Jul/2021:22:42:58 -0500] "GET /phpmyadmin/themes/pmahomme/img/hide.png HTTP/1.1" 200 284 "http://localhost/phpmyadmin/themes/pmahomme/css/theme.css?v=5.1.1&nocache=205158459ltr&server=1" "Mozilla/5.0 (Windows NT 10.0; Win64; x64) AppleWebKit/537.36 (KHTML, like Gecko) Chrome/92.0.4515.107 Safari/537.36"
::1 - - [24/Jul/2021:22:43:15 -0500] "GET /phpmyadmin/index.php?route=/sql&server=1&db=project&table=admin&pos=0&ajax_request=true&ajax_page_request=true&_nocache=1627184595771459332&token=434e5972535b4e75385d576722474621 HTTP/1.1" 200 8134 "-" "Mozilla/5.0 (Windows NT 10.0; Win64; x64) AppleWebKit/537.36 (KHTML, like Gecko) Chrome/92.0.4515.107 Safari/537.36"
::1 - - [24/Jul/2021:22:43:16 -0500] "GET /phpmyadmin/themes/pmahomme/img/s_tbl.png HTTP/1.1" 200 645 "http://localhost/phpmyadmin/themes/pmahomme/css/theme.css?v=5.1.1&nocache=205158459ltr&server=1" "Mozilla/5.0 (Windows NT 10.0; Win64; x64) AppleWebKit/537.36 (KHTML, like Gecko) Chrome/92.0.4515.107 Safari/537.36"
::1 - - [24/Jul/2021:22:43:16 -0500] "GET /phpmyadmin/themes/pmahomme/img/b_tblexport.png HTTP/1.1" 200 514 "http://localhost/phpmyadmin/themes/pmahomme/css/theme.css?v=5.1.1&nocache=205158459ltr&server=1" "Mozilla/5.0 (Windows NT 10.0; Win64; x64) AppleWebKit/537.36 (KHTML, like Gecko) Chrome/92.0.4515.107 Safari/537.36"
::1 - - [24/Jul/2021:22:43:16 -0500] "GET /phpmyadmin/themes/pmahomme/img/b_tblimport.png HTTP/1.1" 200 556 "http://localhost/phpmyadmin/themes/pmahomme/css/theme.css?v=5.1.1&nocache=205158459ltr&server=1" "Mozilla/5.0 (Windows NT 10.0; Win64; x64) AppleWebKit/537.36 (KHTML, like Gecko) Chrome/92.0.4515.107 Safari/537.36"
::1 - - [24/Jul/2021:22:43:16 -0500] "GET /phpmyadmin/themes/pmahomme/img/b_insrow.png HTTP/1.1" 200 157 "http://localhost/phpmyadmin/themes/pmahomme/css/theme.css?v=5.1.1&nocache=205158459ltr&server=1" "Mozilla/5.0 (Windows NT 10.0; Win64; x64) AppleWebKit/537.36 (KHTML, like Gecko) Chrome/92.0.4515.107 Safari/537.36"
::1 - - [24/Jul/2021:22:43:16 -0500] "GET /phpmyadmin/themes/pmahomme/img/b_browse.png HTTP/1.1" 200 486 "http://localhost/phpmyadmin/themes/pmahomme/css/theme.css?v=5.1.1&nocache=205158459ltr&server=1" "Mozilla/5.0 (Windows NT 10.0; Win64; x64) AppleWebKit/537.36 (KHTML, like Gecko) Chrome/92.0.4515.107 Safari/537.36"
::1 - - [24/Jul/2021:22:43:16 -0500] "GET /phpmyadmin/themes/pmahomme/img/b_edit.png HTTP/1.1" 200 377 "http://localhost/phpmyadmin/themes/pmahomme/css/theme.css?v=5.1.1&nocache=205158459ltr&server=1" "Mozilla/5.0 (Windows NT 10.0; Win64; x64) AppleWebKit/537.36 (KHTML, like Gecko) Chrome/92.0.4515.107 Safari/537.36"
::1 - - [24/Jul/2021:22:43:16 -0500] "GET /phpmyadmin/themes/pmahomme/img/b_drop.png HTTP/1.1" 200 637 "http://localhost/phpmyadmin/themes/pmahomme/css/theme.css?v=5.1.1&nocache=205158459ltr&server=1" "Mozilla/5.0 (Windows NT 10.0; Win64; x64) AppleWebKit/537.36 (KHTML, like Gecko) Chrome/92.0.4515.107 Safari/537.36"
::1 - - [24/Jul/2021:22:43:16 -0500] "GET /phpmyadmin/themes/pmahomme/img/b_print.png HTTP/1.1" 200 639 "http://localhost/phpmyadmin/themes/pmahomme/css/theme.css?v=5.1.1&nocache=205158459ltr&server=1" "Mozilla/5.0 (Windows NT 10.0; Win64; x64) AppleWebKit/537.36 (KHTML, like Gecko) Chrome/92.0.4515.107 Safari/537.36"
::1 - - [24/Jul/2021:22:43:16 -0500] "GET /phpmyadmin/themes/pmahomme/img/b_chart.png HTTP/1.1" 200 449 "http://localhost/phpmyadmin/themes/pmahomme/css/theme.css?v=5.1.1&nocache=205158459ltr&server=1" "Mozilla/5.0 (Windows NT 10.0; Win64; x64) AppleWebKit/537.36 (KHTML, like Gecko) Chrome/92.0.4515.107 Safari/537.36"
::1 - - [24/Jul/2021:22:43:16 -0500] "GET /phpmyadmin/themes/pmahomme/img/b_view_add.png HTTP/1.1" 200 678 "http://localhost/phpmyadmin/themes/pmahomme/css/theme.css?v=5.1.1&nocache=205158459ltr&server=1" "Mozilla/5.0 (Windows NT 10.0; Win64; x64) AppleWebKit/537.36 (KHTML, like Gecko) Chrome/92.0.4515.107 Safari/537.36"
::1 - - [24/Jul/2021:22:43:16 -0500] "GET /phpmyadmin/themes/pmahomme/img/b_bookmark.png HTTP/1.1" 200 637 "http://localhost/phpmyadmin/themes/pmahomme/css/theme.css?v=5.1.1&nocache=205158459ltr&server=1" "Mozilla/5.0 (Windows NT 10.0; Win64; x64) AppleWebKit/537.36 (KHTML, like Gecko) Chrome/92.0.4515.107 Safari/537.36"
::1 - - [24/Jul/2021:22:43:16 -0500] "GET /phpmyadmin/js/vendor/jquery/jquery.uitablefilter.js?v=5.1.1 HTTP/1.1" 200 3139 "-" "Mozilla/5.0 (Windows NT 10.0; Win64; x64) AppleWebKit/537.36 (KHTML, like Gecko) Chrome/92.0.4515.107 Safari/537.36"
::1 - - [24/Jul/2021:22:43:16 -0500] "GET /phpmyadmin/js/dist/gis_data_editor.js?v=5.1.1 HTTP/1.1" 200 13822 "-" "Mozilla/5.0 (Windows NT 10.0; Win64; x64) AppleWebKit/537.36 (KHTML, like Gecko) Chrome/92.0.4515.107 Safari/537.36"
::1 - - [24/Jul/2021:22:43:16 -0500] "GET /phpmyadmin/js/dist/multi_column_sort.js?v=5.1.1 HTTP/1.1" 200 1296 "-" "Mozilla/5.0 (Windows NT 10.0; Win64; x64) AppleWebKit/537.36 (KHTML, like Gecko) Chrome/92.0.4515.107 Safari/537.36"
::1 - - [24/Jul/2021:22:43:16 -0500] "GET /phpmyadmin/js/vendor/stickyfill.min.js?v=5.1.1 HTTP/1.1" 200 6500 "-" "Mozilla/5.0 (Windows NT 10.0; Win64; x64) AppleWebKit/537.36 (KHTML, like Gecko) Chrome/92.0.4515.107 Safari/537.36"
::1 - - [24/Jul/2021:22:43:16 -0500] "GET /phpmyadmin/js/dist/makegrid.js?v=5.1.1 HTTP/1.1" 200 78860 "-" "Mozilla/5.0 (Windows NT 10.0; Win64; x64) AppleWebKit/537.36 (KHTML, like Gecko) Chrome/92.0.4515.107 Safari/537.36"
::1 - - [24/Jul/2021:22:43:16 -0500] "GET /phpmyadmin/themes/pmahomme/img/s_fulltext.png HTTP/1.1" 200 176 "-" "Mozilla/5.0 (Windows NT 10.0; Win64; x64) AppleWebKit/537.36 (KHTML, like Gecko) Chrome/92.0.4515.107 Safari/537.36"
::1 - - [24/Jul/2021:22:43:16 -0500] "GET /phpmyadmin/js/dist/sql.js?v=5.1.1 HTTP/1.1" 200 35495 "-" "Mozilla/5.0 (Windows NT 10.0; Win64; x64) AppleWebKit/537.36 (KHTML, like Gecko) Chrome/92.0.4515.107 Safari/537.36"
::1 - - [24/Jul/2021:22:43:16 -0500] "GET /phpmyadmin/themes/pmahomme/img/col_drop.png HTTP/1.1" 200 111 "http://localhost/phpmyadmin/themes/pmahomme/css/theme.css?v=5.1.1&nocache=205158459ltr&server=1" "Mozilla/5.0 (Windows NT 10.0; Win64; x64) AppleWebKit/537.36 (KHTML, like Gecko) Chrome/92.0.4515.107 Safari/537.36"
::1 - - [24/Jul/2021:22:43:16 -0500] "GET /phpmyadmin/themes/pmahomme/img/col_pointer.png HTTP/1.1" 200 102 "http://localhost/phpmyadmin/themes/pmahomme/css/theme.css?v=5.1.1&nocache=205158459ltr&server=1" "Mozilla/5.0 (Windows NT 10.0; Win64; x64) AppleWebKit/537.36 (KHTML, like Gecko) Chrome/92.0.4515.107 Safari/537.36"
::1 - - [24/Jul/2021:22:43:16 -0500] "GET /phpmyadmin/index.php?route=/recent-table&ajax_request=1&recent_table=1&no_debug=true&_nocache=1627184596131267633&token=434e5972535b4e75385d576722474621 HTTP/1.1" 200 1613 "-" "Mozilla/5.0 (Windows NT 10.0; Win64; x64) AppleWebKit/537.36 (KHTML, like Gecko) Chrome/92.0.4515.107 Safari/537.36"
::1 - - [24/Jul/2021:22:43:23 -0500] "POST /phpmyadmin/index.php?route=/table/change/rows HTTP/1.1" 200 64 "-" "Mozilla/5.0 (Windows NT 10.0; Win64; x64) AppleWebKit/537.36 (KHTML, like Gecko) Chrome/92.0.4515.107 Safari/537.36"
::1 - - [24/Jul/2021:22:43:29 -0500] "POST /phpmyadmin/index.php?route=/table/change/rows HTTP/1.1" 200 6211 "-" "Mozilla/5.0 (Windows NT 10.0; Win64; x64) AppleWebKit/537.36 (KHTML, like Gecko) Chrome/92.0.4515.107 Safari/537.36"
::1 - - [24/Jul/2021:22:43:29 -0500] "GET /phpmyadmin/js/vendor/jquery/additional-methods.js?v=5.1.1 HTTP/1.1" 200 52032 "-" "Mozilla/5.0 (Windows NT 10.0; Win64; x64) AppleWebKit/537.36 (KHTML, like Gecko) Chrome/92.0.4515.107 Safari/537.36"
::1 - - [24/Jul/2021:22:43:29 -0500] "GET /phpmyadmin/index.php?route=/recent-table&ajax_request=1&recent_table=1&no_debug=true&_nocache=1627184609204911936&token=434e5972535b4e75385d576722474621 HTTP/1.1" 200 1613 "-" "Mozilla/5.0 (Windows NT 10.0; Win64; x64) AppleWebKit/537.36 (KHTML, like Gecko) Chrome/92.0.4515.107 Safari/537.36"
::1 - - [24/Jul/2021:22:43:56 -0500] "POST /phpmyadmin/index.php?route=/table/replace HTTP/1.1" 200 8291 "-" "Mozilla/5.0 (Windows NT 10.0; Win64; x64) AppleWebKit/537.36 (KHTML, like Gecko) Chrome/92.0.4515.107 Safari/537.36"
::1 - - [24/Jul/2021:22:43:57 -0500] "GET /phpmyadmin/index.php?route=/recent-table&ajax_request=1&recent_table=1&no_debug=true&_nocache=162718463709450255&token=434e5972535b4e75385d576722474621 HTTP/1.1" 200 1613 "-" "Mozilla/5.0 (Windows NT 10.0; Win64; x64) AppleWebKit/537.36 (KHTML, like Gecko) Chrome/92.0.4515.107 Safari/537.36"
127.0.0.1 - - [24/Jul/2021:22:46:07 -0500] "GET /scrape?info_hash=%20R%0F%BD%BAo%CF%F4%94%2B%A6%DD%7F%B0%5C%10%F6%BF%D7%14 HTTP/1.1" 404 299 "-" "Azureus 5.7.6.0;Windows 10;Java 1.8.0_121"
