[Sat Jul 24 22:38:29.544156 2021] [ssl:warn] [pid 12556:tid 632] AH01909: www.example.com:443:0 server certificate does NOT include an ID which matches the server name
[Sat Jul 24 22:38:29.590005 2021] [ssl:warn] [pid 12556:tid 632] AH01909: www.example.com:443:0 server certificate does NOT include an ID which matches the server name
[Sat Jul 24 22:38:29.694725 2021] [mpm_winnt:notice] [pid 12556:tid 632] AH00455: Apache/2.4.48 (Win64) OpenSSL/1.1.1k PHP/7.3.29 configured -- resuming normal operations
[Sat Jul 24 22:38:29.694725 2021] [mpm_winnt:notice] [pid 12556:tid 632] AH00456: Apache Lounge VC15 Server built: May 26 2021 14:28:02
[Sat Jul 24 22:38:29.694725 2021] [core:notice] [pid 12556:tid 632] AH00094: Command line: 'V:\\program files\\xampp\\apache\\bin\\httpd.exe -d V:/Program Files/xampp/apache'
[Sat Jul 24 22:38:29.698714 2021] [mpm_winnt:notice] [pid 12556:tid 632] AH00418: Parent: Created child process 12784
[Sat Jul 24 22:38:30.071266 2021] [ssl:warn] [pid 12784:tid 560] AH01909: www.example.com:443:0 server certificate does NOT include an ID which matches the server name
[Sat Jul 24 22:38:30.115799 2021] [ssl:warn] [pid 12784:tid 560] AH01909: www.example.com:443:0 server certificate does NOT include an ID which matches the server name
[Sat Jul 24 22:38:30.135774 2021] [mpm_winnt:notice] [pid 12784:tid 560] AH00354: Child: Starting 150 worker threads.
[Sat Jul 24 22:55:32.021415 2021] [mpm_winnt:notice] [pid 12556:tid 632] AH00422: Parent: Received shutdown signal -- Shutting down the server.
[Sat Jul 24 22:55:34.044084 2021] [mpm_winnt:notice] [pid 12784:tid 560] AH00364: Child: All worker threads have exited.
[Sat Jul 24 22:55:34.079664 2021] [mpm_winnt:notice] [pid 12556:tid 632] AH00430: Parent: Child process 12784 exited successfully.
[Sat Jul 24 23:55:54.097330 2021] [ssl:warn] [pid 13400:tid 564] AH01909: www.example.com:443:0 server certificate does NOT include an ID which matches the server name
[Sat Jul 24 23:55:54.152185 2021] [ssl:warn] [pid 13400:tid 564] AH01909: www.example.com:443:0 server certificate does NOT include an ID which matches the server name
PHP Warning:  PHP Startup: Unable to load dynamic library 'bz2' (tried: V:\\Program Files\\xampp\\php\\ext\\bz2 (The specified module could not be found.), V:\\Program Files\\xampp\\php\\ext\\php_bz2.dll (The specified module could not be found.)) in Unknown on line 0
PHP Warning:  PHP Startup: Unable to load dynamic library 'curl' (tried: V:\\Program Files\\xampp\\php\\ext\\curl (The specified module could not be found.), V:\\Program Files\\xampp\\php\\ext\\php_curl.dll (The specified module could not be found.)) in Unknown on line 0
PHP Warning:  PHP Startup: Unable to load dynamic library 'fileinfo' (tried: V:\\Program Files\\xampp\\php\\ext\\fileinfo (The specified module could not be found.), V:\\Program Files\\xampp\\php\\ext\\php_fileinfo.dll (The specified module could not be found.)) in Unknown on line 0
PHP Warning:  PHP Startup: Unable to load dynamic library 'gd2' (tried: V:\\Program Files\\xampp\\php\\ext\\gd2 (The specified module could not be found.), V:\\Program Files\\xampp\\php\\ext\\php_gd2.dll (The specified module could not be found.)) in Unknown on line 0
PHP Warning:  PHP Startup: Unable to load dynamic library 'gettext' (tried: V:\\Program Files\\xampp\\php\\ext\\gettext (The specified module could not be found.), V:\\Program Files\\xampp\\php\\ext\\php_gettext.dll (The specified module could not be found.)) in Unknown on line 0
PHP Warning:  PHP Startup: Unable to load dynamic library 'mbstring' (tried: V:\\Program Files\\xampp\\php\\ext\\mbstring (The specified module could not be found.), V:\\Program Files\\xampp\\php\\ext\\php_mbstring.dll (The specified module could not be found.)) in Unknown on line 0
PHP Warning:  PHP Startup: Unable to load dynamic library 'exif' (tried: V:\\Program Files\\xampp\\php\\ext\\exif (The specified module could not be found.), V:\\Program Files\\xampp\\php\\ext\\php_exif.dll (The specified module could not be found.)) in Unknown on line 0
PHP Warning:  PHP Startup: Unable to load dynamic library 'mysqli' (tried: V:\\Program Files\\xampp\\php\\ext\\mysqli (The specified module could not be found.), V:\\Program Files\\xampp\\php\\ext\\php_mysqli.dll (The specified module could not be found.)) in Unknown on line 0
PHP Warning:  PHP Startup: Unable to load dynamic library 'pdo_mysql' (tried: V:\\Program Files\\xampp\\php\\ext\\pdo_mysql (The specified module could not be found.), V:\\Program Files\\xampp\\php\\ext\\php_pdo_mysql.dll (The specified module could not be found.)) in Unknown on line 0
PHP Warning:  PHP Startup: Unable to load dynamic library 'pdo_sqlite' (tried: V:\\Program Files\\xampp\\php\\ext\\pdo_sqlite (The specified module could not be found.), V:\\Program Files\\xampp\\php\\ext\\php_pdo_sqlite.dll (The specified module could not be found.)) in Unknown on line 0
PHP Warning:  PHP Startup: Unable to load dynamic library 'php_openssl.dll' (tried: V:\\Program Files\\xampp\\php\\ext\\php_openssl.dll (The specified module could not be found.), V:\\Program Files\\xampp\\php\\ext\\php_php_openssl.dll.dll (The specified module could not be found.)) in Unknown on line 0
PHP Warning:  PHP Startup: Unable to load dynamic library 'php_ftp.dll' (tried: V:\\Program Files\\xampp\\php\\ext\\php_ftp.dll (The specified module could not be found.), V:\\Program Files\\xampp\\php\\ext\\php_php_ftp.dll.dll (The specified module could not be found.)) in Unknown on line 0
PHP Warning:  Cannot open 'V:\\Program Files\\xampp\\php\\extras\\browscap.ini' for reading in Unknown on line 0
[Sat Jul 24 23:55:54.161160 2021] [mpm_winnt:notice] [pid 13400:tid 564] AH00455: Apache/2.4.48 (Win64) OpenSSL/1.1.1k PHP/7.3.29 configured -- resuming normal operations
[Sat Jul 24 23:55:54.161160 2021] [mpm_winnt:notice] [pid 13400:tid 564] AH00456: Apache Lounge VC15 Server built: May 26 2021 14:28:02
[Sat Jul 24 23:55:54.161160 2021] [core:notice] [pid 13400:tid 564] AH00094: Command line: 'apache\\bin\\httpd.exe -d V:/Program Files/xampp/Worker-Finder-Tool/apache -f conf\\httpd.conf'
[Sat Jul 24 23:55:54.169166 2021] [mpm_winnt:notice] [pid 13400:tid 564] AH00418: Parent: Created child process 15760
Apache server shutdown initiated...
sl:warn] [pid 15760:tid 572] AH01909: www.example.com:443:0 server certificate does NOT include an ID which matches the server name
[Sat Jul 24 23:55:54.696065 2021] [ssl:warn] [pid 15760:tid 572] AH01909: www.example.com:443:0 server certificate does NOT include an ID which matches the server name
PHP Warning:  PHP Startup: Unable to load dynamic library 'bz2' (tried: V:\\Program Files\\xampp\\php\\ext\\bz2 (The specified module could not be found.), V:\\Program Files\\xampp\\php\\ext\\php_bz2.dll (The specified module could not be found.)) in Unknown on line 0
PHP Warning:  PHP Startup: Unable to load dynamic library 'curl' (tried: V:\\Program Files\\xampp\\php\\ext\\curl (The specified module could not be found.), V:\\Program Files\\xampp\\php\\ext\\php_curl.dll (The specified module could not be found.)) in Unknown on line 0
PHP Warning:  PHP Startup: Unable to load dynamic library 'fileinfo' (tried: V:\\Program Files\\xampp\\php\\ext\\fileinfo (The specified module could not be found.), V:\\Program Files\\xampp\\php\\ext\\php_fileinfo.dll (The specified module could not be found.)) in Unknown on line 0
PHP Warning:  PHP Startup: Unable to load dynamic library 'gd2' (tried: V:\\Program Files\\xampp\\php\\ext\\gd2 (The specified module could not be found.), V:\\Program Files\\xampp\\php\\ext\\php_gd2.dll (The specified module could not be found.)) in Unknown on line 0
PHP Warning:  PHP Startup: Unable to load dynamic library 'gettext' (tried: V:\\Program Files\\xampp\\php\\ext\\gettext (The specified module could not be found.), V:\\Program Files\\xampp\\php\\ext\\php_gettext.dll (The specified module could not be found.)) in Unknown on line 0
PHP Warning:  PHP Startup: Unable to load dynamic library 'mbstring' (tried: V:\\Program Files\\xampp\\php\\ext\\mbstring (The specified module could not be found.), V:\\Program Files\\xampp\\php\\ext\\php_mbstring.dll (The specified module could not be found.)) in Unknown on line 0
PHP Warning:  PHP Startup: Unable to load dynamic library 'exif' (tried: V:\\Program Files\\xampp\\php\\ext\\exif (The specified module could not be found.), V:\\Program Files\\xampp\\php\\ext\\php_exif.dll (The specified module could not be found.)) in Unknown on line 0
PHP Warning:  PHP Startup: Unable to load dynamic library 'mysqli' (tried: V:\\Program Files\\xampp\\php\\ext\\mysqli (The specified module could not be found.), V:\\Program Files\\xampp\\php\\ext\\php_mysqli.dll (The specified module could not be found.)) in Unknown on line 0
PHP Warning:  PHP Startup: Unable to load dynamic library 'pdo_mysql' (tried: V:\\Program Files\\xampp\\php\\ext\\pdo_mysql (The specified module could not be found.), V:\\Program Files\\xampp\\php\\ext\\php_pdo_mysql.dll (The specified module could not be found.)) in Unknown on line 0
PHP Warning:  PHP Startup: Unable to load dynamic library 'pdo_sqlite' (tried: V:\\Program Files\\xampp\\php\\ext\\pdo_sqlite (The specified module could not be found.), V:\\Program Files\\xampp\\php\\ext\\php_pdo_sqlite.dll (The specified module could not be found.)) in Unknown on line 0
PHP Warning:  PHP Startup: Unable to load dynamic library 'php_openssl.dll' (tried: V:\\Program Files\\xampp\\php\\ext\\php_openssl.dll (The specified module could not be found.), V:\\Program Files\\xampp\\php\\ext\\php_php_openssl.dll.dll (The specified module could not be found.)) in Unknown on line 0
PHP Warning:  PHP Startup: Unable to load dynamic library 'php_ftp.dll' (tried: V:\\Program Files\\xampp\\php\\ext\\php_ftp.dll (The specified module could not be found.), V:\\Program Files\\xampp\\php\\ext\\php_php_ftp.dll.dll (The specified module could not be found.)) in Unknown on line 0
PHP Warning:  Cannot open 'V:\\Program Files\\xampp\\php\\extras\\browscap.ini' for reading in Unknown on line 0
[Sat Jul 24 23:55:54.708034 2021] [mpm_winnt:notice] [pid 15760:tid 572] AH00354: Child: Starting 150 worker threads.
[Sat Jul 24 23:56:00.249372 2021] [mpm_winnt:notice] [pid 13400:tid 564] AH00422: Parent: Received shutdown signal -- Shutting down the server.
[Sat Jul 24 23:56:02.252351 2021] [mpm_winnt:notice] [pid 15760:tid 572] AH00364: Child: All worker threads have exited.
[Sat Jul 24 23:56:02.271193 2021] [mpm_winnt:notice] [pid 13400:tid 564] AH00430: Parent: Child process 15760 exited successfully.
[Sat Jul 24 23:56:05.718908 2021] [ssl:warn] [pid 20364:tid 628] AH01909: www.example.com:443:0 server certificate does NOT include an ID which matches the server name
[Sat Jul 24 23:56:05.780178 2021] [ssl:warn] [pid 20364:tid 628] AH01909: www.example.com:443:0 server certificate does NOT include an ID which matches the server name
PHP Warning:  PHP Startup: Unable to load dynamic library 'bz2' (tried: V:\\Program Files\\xampp\\php\\ext\\bz2 (The specified module could not be found.), V:\\Program Files\\xampp\\php\\ext\\php_bz2.dll (The specified module could not be found.)) in Unknown on line 0
PHP Warning:  PHP Startup: Unable to load dynamic library 'curl' (tried: V:\\Program Files\\xampp\\php\\ext\\curl (The specified module could not be found.), V:\\Program Files\\xampp\\php\\ext\\php_curl.dll (The specified module could not be found.)) in Unknown on line 0
PHP Warning:  PHP Startup: Unable to load dynamic library 'fileinfo' (tried: V:\\Program Files\\xampp\\php\\ext\\fileinfo (The specified module could not be found.), V:\\Program Files\\xampp\\php\\ext\\php_fileinfo.dll (The specified module could not be found.)) in Unknown on line 0
PHP Warning:  PHP Startup: Unable to load dynamic library 'gd2' (tried: V:\\Program Files\\xampp\\php\\ext\\gd2 (The specified module could not be found.), V:\\Program Files\\xampp\\php\\ext\\php_gd2.dll (The specified module could not be found.)) in Unknown on line 0
PHP Warning:  PHP Startup: Unable to load dynamic library 'gettext' (tried: V:\\Program Files\\xampp\\php\\ext\\gettext (The specified module could not be found.), V:\\Program Files\\xampp\\php\\ext\\php_gettext.dll (The specified module could not be found.)) in Unknown on line 0
PHP Warning:  PHP Startup: Unable to load dynamic library 'mbstring' (tried: V:\\Program Files\\xampp\\php\\ext\\mbstring (The specified module could not be found.), V:\\Program Files\\xampp\\php\\ext\\php_mbstring.dll (The specified module could not be found.)) in Unknown on line 0
PHP Warning:  PHP Startup: Unable to load dynamic library 'exif' (tried: V:\\Program Files\\xampp\\php\\ext\\exif (The specified module could not be found.), V:\\Program Files\\xampp\\php\\ext\\php_exif.dll (The specified module could not be found.)) in Unknown on line 0
PHP Warning:  PHP Startup: Unable to load dynamic library 'mysqli' (tried: V:\\Program Files\\xampp\\php\\ext\\mysqli (The specified module could not be found.), V:\\Program Files\\xampp\\php\\ext\\php_mysqli.dll (The specified module could not be found.)) in Unknown on line 0
PHP Warning:  PHP Startup: Unable to load dynamic library 'pdo_mysql' (tried: V:\\Program Files\\xampp\\php\\ext\\pdo_mysql (The specified module could not be found.), V:\\Program Files\\xampp\\php\\ext\\php_pdo_mysql.dll (The specified module could not be found.)) in Unknown on line 0
PHP Warning:  PHP Startup: Unable to load dynamic library 'pdo_sqlite' (tried: V:\\Program Files\\xampp\\php\\ext\\pdo_sqlite (The specified module could not be found.), V:\\Program Files\\xampp\\php\\ext\\php_pdo_sqlite.dll (The specified module could not be found.)) in Unknown on line 0
PHP Warning:  PHP Startup: Unable to load dynamic library 'php_openssl.dll' (tried: V:\\Program Files\\xampp\\php\\ext\\php_openssl.dll (The specified module could not be found.), V:\\Program Files\\xampp\\php\\ext\\php_php_openssl.dll.dll (The specified module could not be found.)) in Unknown on line 0
PHP Warning:  PHP Startup: Unable to load dynamic library 'php_ftp.dll' (tried: V:\\Program Files\\xampp\\php\\ext\\php_ftp.dll (The specified module could not be found.), V:\\Program Files\\xampp\\php\\ext\\php_php_ftp.dll.dll (The specified module could not be found.)) in Unknown on line 0
PHP Warning:  Cannot open 'V:\\Program Files\\xampp\\php\\extras\\browscap.ini' for reading in Unknown on line 0
[Sat Jul 24 23:56:05.789144 2021] [mpm_winnt:notice] [pid 20364:tid 628] AH00455: Apache/2.4.48 (Win64) OpenSSL/1.1.1k PHP/7.3.29 configured -- resuming normal operations
[Sat Jul 24 23:56:05.789144 2021] [mpm_winnt:notice] [pid 20364:tid 628] AH00456: Apache Lounge VC15 Server built: May 26 2021 14:28:02
[Sat Jul 24 23:56:05.789144 2021] [core:notice] [pid 20364:tid 628] AH00094: Command line: 'V:\\program files\\xampp\\worker-finder-tool\\apache\\bin\\httpd.exe -d V:/Program Files/xampp/Worker-Finder-Tool/apache'
[Sat Jul 24 23:56:05.792121 2021] [mpm_winnt:notice] [pid 20364:tid 628] AH00418: Parent: Created child process 22052
[Sat Jul 24 23:56:06.199033 2021] [ssl:warn] [pid 22052:tid 560] AH01909: www.example.com:443:0 server certificate does NOT include an ID which matches the server name
[Sat Jul 24 23:56:06.243914 2021] [ssl:warn] [pid 22052:tid 560] AH01909: www.example.com:443:0 server certificate does NOT include an ID which matches the server name
PHP Warning:  PHP Startup: Unable to load dynamic library 'bz2' (tried: V:\\Program Files\\xampp\\php\\ext\\bz2 (The specified module could not be found.), V:\\Program Files\\xampp\\php\\ext\\php_bz2.dll (The specified module could not be found.)) in Unknown on line 0
PHP Warning:  PHP Startup: Unable to load dynamic library 'curl' (tried: V:\\Program Files\\xampp\\php\\ext\\curl (The specified module could not be found.), V:\\Program Files\\xampp\\php\\ext\\php_curl.dll (The specified module could not be found.)) in Unknown on line 0
PHP Warning:  PHP Startup: Unable to load dynamic library 'fileinfo' (tried: V:\\Program Files\\xampp\\php\\ext\\fileinfo (The specified module could not be found.), V:\\Program Files\\xampp\\php\\ext\\php_fileinfo.dll (The specified module could not be found.)) in Unknown on line 0
PHP Warning:  PHP Startup: Unable to load dynamic library 'gd2' (tried: V:\\Program Files\\xampp\\php\\ext\\gd2 (The specified module could not be found.), V:\\Program Files\\xampp\\php\\ext\\php_gd2.dll (The specified module could not be found.)) in Unknown on line 0
PHP Warning:  PHP Startup: Unable to load dynamic library 'gettext' (tried: V:\\Program Files\\xampp\\php\\ext\\gettext (The specified module could not be found.), V:\\Program Files\\xampp\\php\\ext\\php_gettext.dll (The specified module could not be found.)) in Unknown on line 0
PHP Warning:  PHP Startup: Unable to load dynamic library 'mbstring' (tried: V:\\Program Files\\xampp\\php\\ext\\mbstring (The specified module could not be found.), V:\\Program Files\\xampp\\php\\ext\\php_mbstring.dll (The specified module could not be found.)) in Unknown on line 0
PHP Warning:  PHP Startup: Unable to load dynamic library 'exif' (tried: V:\\Program Files\\xampp\\php\\ext\\exif (The specified module could not be found.), V:\\Program Files\\xampp\\php\\ext\\php_exif.dll (The specified module could not be found.)) in Unknown on line 0
PHP Warning:  PHP Startup: Unable to load dynamic library 'mysqli' (tried: V:\\Program Files\\xampp\\php\\ext\\mysqli (The specified module could not be found.), V:\\Program Files\\xampp\\php\\ext\\php_mysqli.dll (The specified module could not be found.)) in Unknown on line 0
PHP Warning:  PHP Startup: Unable to load dynamic library 'pdo_mysql' (tried: V:\\Program Files\\xampp\\php\\ext\\pdo_mysql (The specified module could not be found.), V:\\Program Files\\xampp\\php\\ext\\php_pdo_mysql.dll (The specified module could not be found.)) in Unknown on line 0
PHP Warning:  PHP Startup: Unable to load dynamic library 'pdo_sqlite' (tried: V:\\Program Files\\xampp\\php\\ext\\pdo_sqlite (The specified module could not be found.), V:\\Program Files\\xampp\\php\\ext\\php_pdo_sqlite.dll (The specified module could not be found.)) in Unknown on line 0
PHP Warning:  PHP Startup: Unable to load dynamic library 'php_openssl.dll' (tried: V:\\Program Files\\xampp\\php\\ext\\php_openssl.dll (The specified module could not be found.), V:\\Program Files\\xampp\\php\\ext\\php_php_openssl.dll.dll (The specified module could not be found.)) in Unknown on line 0
PHP Warning:  PHP Startup: Unable to load dynamic library 'php_ftp.dll' (tried: V:\\Program Files\\xampp\\php\\ext\\php_ftp.dll (The specified module could not be found.), V:\\Program Files\\xampp\\php\\ext\\php_php_ftp.dll.dll (The specified module could not be found.)) in Unknown on line 0
PHP Warning:  Cannot open 'V:\\Program Files\\xampp\\php\\extras\\browscap.ini' for reading in Unknown on line 0
[Sat Jul 24 23:56:06.254865 2021] [mpm_winnt:notice] [pid 22052:tid 560] AH00354: Child: Starting 150 worker threads.
[Sun Jul 25 00:00:10.506205 2021] [mpm_winnt:notice] [pid 20364:tid 628] AH00422: Parent: Received shutdown signal -- Shutting down the server.
[Sun Jul 25 00:00:12.517813 2021] [mpm_winnt:notice] [pid 22052:tid 560] AH00364: Child: All worker threads have exited.
[Sun Jul 25 00:00:12.537085 2021] [mpm_winnt:notice] [pid 20364:tid 628] AH00430: Parent: Child process 22052 exited successfully.
