2021-07-24 22:38:32 0 [Note] InnoDB: Mutexes and rw_locks use Windows interlocked functions
2021-07-24 22:38:32 0 [Note] InnoDB: Uses event mutexes
2021-07-24 22:38:32 0 [Note] InnoDB: Compressed tables use zlib 1.2.11
2021-07-24 22:38:32 0 [Note] InnoDB: Number of pools: 1
2021-07-24 22:38:32 0 [Note] InnoDB: Using SSE2 crc32 instructions
2021-07-24 22:38:32 0 [Note] InnoDB: Initializing buffer pool, total size = 16M, instances = 1, chunk size = 16M
2021-07-24 22:38:32 0 [Note] InnoDB: Completed initialization of buffer pool
2021-07-24 22:38:32 0 [Note] InnoDB: Starting crash recovery from checkpoint LSN=300288
2021-07-24 22:38:32 0 [Note] InnoDB: 128 out of 128 rollback segments are active.
2021-07-24 22:38:32 0 [Note] InnoDB: Removed temporary tablespace data file: "ibtmp1"
2021-07-24 22:38:32 0 [Note] InnoDB: Creating shared tablespace for temporary tables
2021-07-24 22:38:32 0 [Note] InnoDB: Setting file 'V:\Program Files\xampp\mysql\data\ibtmp1' size to 12 MB. Physically writing the file full; Please wait ...
2021-07-24 22:38:32 0 [Note] InnoDB: File 'V:\Program Files\xampp\mysql\data\ibtmp1' size is now 12 MB.
2021-07-24 22:38:32 0 [Note] InnoDB: Waiting for purge to start
2021-07-24 22:38:32 0 [Note] InnoDB: 10.4.20 started; log sequence number 300297; transaction id 170
2021-07-24 22:38:32 0 [Note] InnoDB: Loading buffer pool(s) from V:\Program Files\xampp\mysql\data\ib_buffer_pool
2021-07-24 22:38:32 0 [Note] Plugin 'FEEDBACK' is disabled.
2021-07-24 22:38:32 0 [Note] InnoDB: Buffer pool(s) load completed at 210724 22:38:32
2021-07-24 22:38:32 0 [Note] Server socket created on IP: '::'.
2021-07-24 22:38:32 0 [Note] Reading of all Master_info entries succeeded
2021-07-24 22:38:32 0 [Note] Added new Master_info '' to hash table
2021-07-24 22:38:32 0 [Note] V:\program files\xampp\mysql\bin\mysqld.exe: ready for connections.
Version: '10.4.20-MariaDB'  socket: ''  port: 3306  mariadb.org binary distribution
2021-07-24 22:55:31 0 [Note] V:\program files\xampp\mysql\bin\mysqld.exe (initiated by: unknown): Normal shutdown
2021-07-24 22:55:31 0 [Note] Event Scheduler: Purging the queue. 0 events
2021-07-24 22:55:31 0 [Note] InnoDB: FTS optimize thread exiting.
2021-07-24 22:55:31 0 [Note] InnoDB: Starting shutdown...
2021-07-24 22:55:31 0 [Note] InnoDB: Dumping buffer pool(s) to V:\Program Files\xampp\mysql\data\ib_buffer_pool
2021-07-24 22:55:31 0 [Note] InnoDB: Buffer pool(s) dump completed at 210724 22:55:31
2021-07-24 22:55:32 0 [Note] InnoDB: Removed temporary tablespace data file: "ibtmp1"
2021-07-24 22:55:32 0 [Note] InnoDB: Shutdown completed; log sequence number 2600769; transaction id 904
2021-07-24 22:55:32 0 [Note] V:\program files\xampp\mysql\bin\mysqld.exe: Shutdown complete

2021-07-24 23:58:05 0 [Note] InnoDB: Mutexes and rw_locks use Windows interlocked functions
2021-07-24 23:58:05 0 [Note] InnoDB: Uses event mutexes
2021-07-24 23:58:05 0 [Note] InnoDB: Compressed tables use zlib 1.2.11
2021-07-24 23:58:05 0 [Note] InnoDB: Number of pools: 1
2021-07-24 23:58:05 0 [Note] InnoDB: Using SSE2 crc32 instructions
2021-07-24 23:58:05 0 [Note] InnoDB: Initializing buffer pool, total size = 16M, instances = 1, chunk size = 16M
2021-07-24 23:58:05 0 [Note] InnoDB: Completed initialization of buffer pool
2021-07-24 23:58:05 0 [Note] InnoDB: Setting log file V:\Program Files\xampp\Worker-Finder-Tool\mysql\data\ib_logfile101 size to 5242880 bytes
2021-07-24 23:58:05 0 [Note] InnoDB: Setting log file V:\Program Files\xampp\Worker-Finder-Tool\mysql\data\ib_logfile1 size to 5242880 bytes
2021-07-24 23:58:05 0 [Note] InnoDB: Renaming log file V:\Program Files\xampp\Worker-Finder-Tool\mysql\data\ib_logfile101 to V:\Program Files\xampp\Worker-Finder-Tool\mysql\data\ib_logfile0
2021-07-24 23:58:05 0 [Note] InnoDB: New log files created, LSN=2600769
2021-07-24 23:58:05 0 [Note] InnoDB: 128 out of 128 rollback segments are active.
2021-07-24 23:58:05 0 [Note] InnoDB: Creating shared tablespace for temporary tables
2021-07-24 23:58:05 0 [Note] InnoDB: Setting file 'V:\Program Files\xampp\Worker-Finder-Tool\mysql\data\ibtmp1' size to 12 MB. Physically writing the file full; Please wait ...
2021-07-24 23:58:05 0 [Note] InnoDB: File 'V:\Program Files\xampp\Worker-Finder-Tool\mysql\data\ibtmp1' size is now 12 MB.
2021-07-24 23:58:05 0 [Note] InnoDB: 10.4.20 started; log sequence number 2600972; transaction id 905
2021-07-24 23:58:05 0 [Note] Plugin 'FEEDBACK' is disabled.
2021-07-24 23:58:05 0 [Note] InnoDB: Loading buffer pool(s) from V:\Program Files\xampp\Worker-Finder-Tool\mysql\data\ib_buffer_pool
2021-07-24 23:58:05 0 [Note] Server socket created on IP: '::'.
2021-07-24 23:58:05 0 [Note] InnoDB: Buffer pool(s) load completed at 210724 23:58:05
2021-07-24 23:58:05 0 [Note] Reading of all Master_info entries succeeded
2021-07-24 23:58:05 0 [Note] Added new Master_info '' to hash table
2021-07-24 23:58:05 0 [Note] V:\program files\xampp\worker-finder-tool\mysql\bin\mysqld.exe: ready for connections.
Version: '10.4.20-MariaDB'  socket: ''  port: 3306  mariadb.org binary distribution
2021-07-25  0:00:09 0 [Note] V:\program files\xampp\worker-finder-tool\mysql\bin\mysqld.exe (initiated by: unknown): Normal shutdown
2021-07-25  0:00:09 0 [Note] Event Scheduler: Purging the queue. 0 events
2021-07-25  0:00:09 0 [Note] InnoDB: FTS optimize thread exiting.
2021-07-25  0:00:10 0 [Note] InnoDB: Starting shutdown...
2021-07-25  0:00:10 0 [Note] InnoDB: Dumping buffer pool(s) to V:\Program Files\xampp\Worker-Finder-Tool\mysql\data\ib_buffer_pool
2021-07-25  0:00:10 0 [Note] InnoDB: Instance 0, restricted to 250 pages due to innodb_buf_pool_dump_pct=25
2021-07-25  0:00:10 0 [Note] InnoDB: Buffer pool(s) dump completed at 210725  0:00:10
2021-07-25  0:00:10 0 [Note] InnoDB: Removed temporary tablespace data file: "ibtmp1"
2021-07-25  0:00:10 0 [Note] InnoDB: Shutdown completed; log sequence number 2600981; transaction id 906
2021-07-25  0:00:10 0 [Note] V:\program files\xampp\worker-finder-tool\mysql\bin\mysqld.exe: Shutdown complete

2021-07-25  0:10:43 0 [Note] InnoDB: Mutexes and rw_locks use Windows interlocked functions
2021-07-25  0:10:43 0 [Note] InnoDB: Uses event mutexes
2021-07-25  0:10:43 0 [Note] InnoDB: Compressed tables use zlib 1.2.11
2021-07-25  0:10:43 0 [Note] InnoDB: Number of pools: 1
2021-07-25  0:10:43 0 [Note] InnoDB: Using SSE2 crc32 instructions
2021-07-25  0:10:43 0 [Note] InnoDB: Initializing buffer pool, total size = 16M, instances = 1, chunk size = 16M
2021-07-25  0:10:43 0 [Note] InnoDB: Completed initialization of buffer pool
2021-07-25  0:10:43 0 [Note] InnoDB: 128 out of 128 rollback segments are active.
2021-07-25  0:10:43 0 [Note] InnoDB: Creating shared tablespace for temporary tables
2021-07-25  0:10:43 0 [Note] InnoDB: Setting file 'V:\Program Files\xampp\Worker-Finder-Tool\mysql\data\ibtmp1' size to 12 MB. Physically writing the file full; Please wait ...
2021-07-25  0:10:43 0 [Note] InnoDB: File 'V:\Program Files\xampp\Worker-Finder-Tool\mysql\data\ibtmp1' size is now 12 MB.
2021-07-25  0:10:43 0 [Note] InnoDB: 10.4.20 started; log sequence number 2600981; transaction id 905
2021-07-25  0:10:43 0 [Note] Plugin 'FEEDBACK' is disabled.
2021-07-25  0:10:43 0 [Note] InnoDB: Loading buffer pool(s) from V:\Program Files\xampp\Worker-Finder-Tool\mysql\data\ib_buffer_pool
2021-07-25  0:10:43 0 [Note] Server socket created on IP: '::'.
2021-07-25  0:10:43 0 [Note] Reading of all Master_info entries succeeded
2021-07-25  0:10:43 0 [Note] Added new Master_info '' to hash table
2021-07-25  0:10:43 0 [Note] V:\program files\xampp\worker-finder-tool\mysql\bin\mysqld.exe: ready for connections.
Version: '10.4.20-MariaDB'  socket: ''  port: 3306  mariadb.org binary distribution
2021-07-25  0:10:43 0 [Note] InnoDB: Buffer pool(s) load completed at 210725  0:10:43
2021-07-25  0:51:45 0 [Note] V:\program files\xampp\worker-finder-tool\mysql\bin\mysqld.exe (initiated by: unknown): Normal shutdown
2021-07-25  0:51:45 0 [Note] Event Scheduler: Purging the queue. 0 events
2021-07-25  0:51:45 0 [Note] InnoDB: FTS optimize thread exiting.
2021-07-25  0:51:45 0 [Note] InnoDB: Starting shutdown...
2021-07-25  0:51:45 0 [Note] InnoDB: Dumping buffer pool(s) to V:\Program Files\xampp\Worker-Finder-Tool\mysql\data\ib_buffer_pool
2021-07-25  0:51:45 0 [Note] InnoDB: Instance 0, restricted to 250 pages due to innodb_buf_pool_dump_pct=25
2021-07-25  0:51:45 0 [Note] InnoDB: Buffer pool(s) dump completed at 210725  0:51:45
2021-07-25  0:51:47 0 [Note] InnoDB: Removed temporary tablespace data file: "ibtmp1"
2021-07-25  0:51:47 0 [Note] InnoDB: Shutdown completed; log sequence number 2600990; transaction id 906
2021-07-25  0:51:47 0 [Note] V:\program files\xampp\worker-finder-tool\mysql\bin\mysqld.exe: Shutdown complete

